Tracing. Press any key to quit...
{"libname":"libtiny.so","offset":889744,"spawn":true}
libname:libtiny.so
0x70503f44b0:liblog.so!android_log_write_string8
0x70503f4ca4:liblog.so!android_name_to_log_id
0x70503f7bec:liblog.so!__android_log_security
0x70503f60c0:liblog.so!__android_log_btwrite
0x70503f6314:liblog.so!android_log_processLogBuffer
0x70503f7588:liblog.so!__android_log_is_loggable_len
0x70503f7b0c:liblog.so!__android_log_is_debuggable
0x70503fa9a4:liblog.so!__android_log_pmsg_file_write
0x70503f43c0:liblog.so!android_log_write_string8_len
0x70503f45a0:liblog.so!android_log_write_float32
0x70503f5ebc:liblog.so!__android_log_bwrite
0x70503f59d4:liblog.so!__android_log_vprint
0x70503f6488:liblog.so!android_log_processBinaryLogBuffer
0x70503f7ffc:liblog.so!android_openEventTagMap
0x70503f5334:liblog.so!__android_log_set_aborter
0x70503f5498:liblog.so!__android_log_logd_logger
0x70503fb1f0:liblog.so!android_logger_get_log_readable_size
0x70503f5cdc:liblog.so!__android_log_assert
0x70503f4198:liblog.so!android_log_parser_reset
0x70503f4344:liblog.so!android_log_write_int64
0x70503fb750:liblog.so!android_logger_set_prune_list
0x70503f5308:liblog.so!__android_log_get_minimum_priority
0x70503f5324:liblog.so!__android_log_default_aborter
0x70503f5864:liblog.so!__android_log_write_log_message
0x70503fb468:liblog.so!android_logger_get_log_version
0x70503f4014:liblog.so!create_android_logger
0x70503f405c:liblog.so!create_android_log_parser
0x70503f5008:liblog.so!__android_log_close
0x70503f40c4:liblog.so!android_log_destroy
0x70503f461c:liblog.so!android_log_write_list_end
0x70503f4bac:liblog.so!__android_log_error_write
0x70503f4db4:liblog.so!android_logger_get_id
0x70503f4e00:liblog.so!android_logger_list_alloc_time
0x70503f4e90:liblog.so!android_logger_list_open
0x70503f52ec:liblog.so!__android_log_set_minimum_priority
0x70503f57b0:liblog.so!__android_log_buf_write
0x70503f5bc0:liblog.so!__android_log_buf_print
0x70503f42cc:liblog.so!android_log_write_int32
0x70503f7a7c:liblog.so!__android_log_is_loggable
0x70503fb354:liblog.so!android_logger_set_log_size
0x70503f46b4:liblog.so!android_log_write_list
0x70503f4c88:liblog.so!android_log_id_to_name
0x70503f9eb8:liblog.so!__android_log_pmsg_file_read
0x70503f4214:liblog.so!android_log_write_list_begin
0x70503f5318:liblog.so!__android_log_set_logger
0x70503f5340:liblog.so!__android_log_call_aborter
0x70503faf88:liblog.so!android_logger_clear
0x70503fb6fc:liblog.so!android_logger_get_prune_list
0x70503f4764:liblog.so!android_log_write_list_buffer
0x70503f47cc:liblog.so!android_log_read_next
0x70503f534c:liblog.so!__android_log_stderr_logger
0x70503f618c:liblog.so!__android_log_bswrite
0x70503f4110:liblog.so!android_log_reset
0x70503f4f64:liblog.so!android_logger_list_read
0x70503f5708:liblog.so!__android_log_write
0x70503f5aa8:liblog.so!__android_log_print
0x70503fb470:liblog.so!android_logger_get_statistics
0x70503f4dbc:liblog.so!android_logger_list_alloc
0x70503f4e48:liblog.so!android_logger_open
0x70503f4f20:liblog.so!android_logger_list_free
0x70503f512c:liblog.so!__android_log_set_default_tag
0x70503f6268:liblog.so!__android_log_security_bswrite
0x70503fb08c:liblog.so!android_logger_get_log_size
Export enumeration completed.
0x705e9a438c:libc.so!ffsll
0x705ea17330:libc.so!setregid
0x705ea17d10:libc.so!lsetxattr
0x705ea099ac:libc.so!warnx
0x705e9e8af0:libc.so!wcpncpy
0x705ea0917c:libc.so!ftok
0x705e9ab9fc:libc.so!nftw64
0x705e9c5c30:libc.so!ns_get32
0x705ea2ebd8:libc.so!pthread_attr_getschedparam
0x705ea2f840:libc.so!pthread_condattr_setclock
0x705ea144c8:libc.so!strdup
0x705e99fba8:libc.so!error
0x705e9ba598:libc.so!futimesat
0x705e9da83c:libc.so!herror
0x705ea27cdc:libc.so!fputs
0x705ea2861c:libc.so!vfwscanf
0x705ea288ac:libc.so!getchar
0x705ea17610:libc.so!process_madvise
0x705ea26910:libc.so!funopen
0x705ea25760:libc.so!fclose
0x705ea26d10:libc.so!fprintf
0x705ea2abd8:libc.so!fwrite
0x705e9e493c:libc.so!__readlink_chk
0x705e9a5e84:libc.so!getpgrp
0x705e9b3e78:libc.so!sem_wait
0x705e9bc0f4:libc.so!__system_properties_abandon
0x705ea32068:libc.so!pthread_getspecific
0x705e9c065c:libc.so!wait
0x705ea24a64:libc.so!freopen64
0x705ea29400:libc.so!setlinebuf
0x705e9e9ab0:libc.so!wmemset
0x705ea17710:libc.so!readv
0x705ea17b30:libc.so!ftruncate64
0x705e9a0d70:libc.so!execvp
0x705e9e114c:libc.so!__res_nquery
0x705e9dd9e8:libc.so!res_search
0x705e9fe76c:libc.so!jrand48
0x705ea17db0:libc.so!removexattr
0x705e9bbba0:libc.so!__system_property_area_serial
0x705e9ac8e0:libc.so!lstat64
0x705ea34144:libc.so!pthread_rwlock_destroy
0x705e9b8dac:libc.so!strtoumax
0x705ea2e97c:libc.so!pthread_attr_setinheritsched
0x705ea32424:libc.so!pthread_mutexattr_setpshared
0x705e9a429c:libc.so!android_fdtrack_set_globally_enabled
0x705ea28a00:libc.so!getwchar
0x705e9a4810:libc.so!__fpclassify
0x705e9bbaf0:libc.so!__system_property_set_filename
0x705e9e4814:libc.so!__pwrite_chk
0x705e99eacc:libc.so!tolower_l
0x705e9a4924:libc.so!__isfinitef
0x705e9ab788:libc.so!mkstemp64
0x705e9b64c0:libc.so!sigtimedwait
0x705ea12c74:libc.so!remque
0x705e9e9234:libc.so!wcsncasecmp
0x705ea16fd0:libc.so!geteuid
0x705e99ba00:libc.so!accept4
0x705ea2a144:libc.so!fflush
0x705e9b05bc:libc.so!pselect
0x705ea2f228:libc.so!pthread_barrierattr_init
0x705e9ae28c:libc.so!setnetent
0x705ea17ad0:libc.so!unlinkat
0x705e9bf09c:libc.so!cnd_destroy
0x705e9de20c:libc.so!__p_rcode
0x705ea2841c:libc.so!vfwprintf
0x705ea2ec5c:libc.so!pthread_attr_getstacksize
0x705e99c3b8:libc.so!__cmsg_nxthdr
0x705e9b00dc:libc.so!poll
0x705ea22cdc:libc.so!fmemopen
0x705ea2fdb8:libc.so!pthread_cond_clockwait
0x705e9c1124:libc.so!mbsrtowcs
0x705e9e91c4:libc.so!wcslen
0x705ea17e10:libc.so!swapon
0x705ea18e9c:libc.so!difftime
0x705e9a4ab0:libc.so!__isfinitel
0x705e9ae204:libc.so!if_freenameindex
0x705ea0d618:libc.so!ntohl
0x705ea17830:libc.so!fdatasync
0x705e9bbdb4:libc.so!__system_property_get
0x705e99cca8:libc.so!__assert2
0x705e9e4d20:libc.so!__strncpy_chk
0x705e9b4e34:libc.so!sigemptyset
0x705e9c2b80:libc.so!iswblank_l
0x705e9a68b4:libc.so!getpwnam
0x705e9ab4e8:libc.so!nl_langinfo
0x705e9d5200:libc.so!gethostbyname_r
0x705ea0937c:libc.so!verr
0x705ea17d50:libc.so!lgetxattr
0x705e9a9fb0:libc.so!iconv_close
0x705e9b9df4:libc.so!signalfd
0x705e9e49e8:libc.so!__sendto_chk
0x705ea172f0:libc.so!setgroups
0x705ea32d18:libc.so!pthread_mutex_unlock
0x705e99f484:libc.so!closedir
0x705ea18190:libc.so!bind
0x705ea18830:libc.so!quotactl
0x705ea2f7d0:libc.so!pthread_condattr_getclock
0x705ea17190:libc.so!setresgid
0x705e9b8490:libc.so!strerror
0x705ea26f10:libc.so!vfprintf
0x705e9beb74:libc.so!tcflow
0x705e9e0c30:libc.so!__res_nclose
0x705e9e9464:libc.so!wcsncpy
0x705ea3668c:libc.so!__libc_iterate_dynamic_tls
0x705e9b17a0:libc.so!preadv64v2
0x705e9b7a9c:libc.so!posix_spawn_file_actions_addopen
0x705e9b93e0:libc.so!epoll_pwait
0x705ea17450:libc.so!pread
0x705ea0d620:libc.so!ntohs
0x705ea25d64:libc.so!ferror
0x705e9b77e0:libc.so!posix_spawnattr_getsigdefault
0x705e9f6c58:libc.so!regcomp
0x705ea29394:libc.so!setbuf
0x705e99c4c0:libc.so!__libc_current_sigrtmin
0x705e9a0728:libc.so!execle
0x705e9ae294:libc.so!bindresvport
0x705ea20c14:libc.so!wcsftime
0x705e99712c:libc.so!time
0x705ea2fba8:libc.so!pthread_cond_wait
0x705e9e139c:libc.so!__res_nsearch
0x705ea17b10:libc.so!lseek
0x705ea156e8:libc.so!fts_read
0x705ea2f8dc:libc.so!pthread_cond_destroy
0x705e9c1c90:libc.so!wcstoul_l
0x705e9e3d50:libc.so!android_net_res_stats_aggregate
0x705ef96a28:libc.so!environ
0x705e9bfc9c:libc.so!tss_get
0x705e9dcfb8:libc.so!res_init
0x705e9ffbd0:libc.so!strlcat
0x705ea170b0:libc.so!getppid
0x705e987024:libc.so!free
0x705e997020:libc.so!gettimeofday
0x705e9fe704:libc.so!erand48
0x705e9fe8bc:libc.so!mrand48
0x705ea09b0c:libc.so!btowc
0x705ea19a98:libc.so!ctime_r
0x705e9a42b0:libc.so!android_fdtrack_get_enabled
0x705e9ac638:libc.so!setlocale
0x705e9b3318:libc.so!recvmmsg
0x705e9b880c:libc.so!atoll
0x705e9bbfb8:libc.so!__system_property_find_nth
0x705e9e4394:libc.so!__fgets_chk
0x705ea17730:libc.so!writev
0x705e9a4924:libc.so!isfinitef
0x705e9ad23c:libc.so!mknod
0x705e9b73d4:libc.so!posix_spawnattr_init
0x705ea18370:libc.so!sched_setscheduler
0x705e9d666c:libc.so!gethostent
0x705e9a22ec:libc.so!fchmodat
0x705e9ab958:libc.so!ftw64
0x705e9b467c:libc.so!sem_trywait
0x705e9e46a8:libc.so!__ppoll64_chk
0x705ea25c30:libc.so!feof
0x705ea31210:libc.so!pthread_getcpuclockid
0x705e9a0a10:libc.so!execlp
0x705ef96a38:libc.so!error_print_progname
0x705e9bed94:libc.so!tcsendbreak
0x705e99750c:libc.so!android_set_abort_message
0x705e9b6970:libc.so!sigprocmask
0x705e9a4ab0:libc.so!isfinitel
0x705e9ae290:libc.so!setprotoent
0x705e9b9bac:libc.so!semtimedop
0x705e9b5d40:libc.so!sigqueue
0x705e9b85e0:libc.so!strcasecmp_l
0x705e9b9d2c:libc.so!shmdt
0x705e9bb0ec:libc.so!openlog
0x705e9bc654:libc.so!__system_property_add_new
0x705e988c4c:libc.so!android_mallopt
0x705e99e93c:libc.so!isxdigit
0x705e9a1d6c:libc.so!backtrace_symbols_fd
0x705e9d63f4:libc.so!android_gethostbynamefornetcontext
0x705e9feb7c:libc.so!seed48
0x705e9e4628:libc.so!__poll_chk
0x705e9a9dcc:libc.so!iconv
0x705e9aec38:libc.so!pathconf
0x705e9b7768:libc.so!posix_spawnattr_setsigdefault64
0x705ea28fcc:libc.so!putwc
0x705e9b3a50:libc.so!sched_getaffinity
0x705e9a2938:libc.so!android_fdsan_create_owner_tag
0x705ea17550:libc.so!memfd_create
0x705ea2f738:libc.so!pthread_condattr_getpshared
0x705ea362a0:libc.so!pthread_spin_lock
0x705e9bfaac:libc.so!thrd_sleep
0x705ea0fdf0:libc.so!mkdtemp
0x705ea3b720:libc.so!_Unwind_Find_FDE
0x705e99e2d4:libc.so!clock_getcpuclockid
0x705ea09bdc:libc.so!mbrlen
0x705e9ae27c:libc.so!getprotobynumber
0x705ea18290:libc.so!shutdown
0x705e99ea4c:libc.so!ispunct_l
0x705e9ba004:libc.so!statfs
0x705e9b5618:libc.so!sigismember64
0x705e9b8ed0:libc.so!swab
0x705e9beb18:libc.so!cfsetospeed
0x705e9d2388:libc.so!android_getaddrinfofornet
0x705ea290e4:libc.so!remove
0x705e9b4920:libc.so!sigaction64
0x705ea2eafc:libc.so!pthread_attr_setdetachstate
0x705e9b8fec:libc.so!symlink
0x705e9af228:libc.so!pidfd_open
0x705e9beff4:libc.so!call_once
0x705e9d647c:libc.so!gethostbyaddr
0x705e9e4304:libc.so!__FD_SET_chk
0x705ea36638:libc.so!__libc_register_thread_exit_callback
0x705e9ab954:libc.so!mkostemps64
0x705e9b429c:libc.so!sem_clockwait
0x705e9e8d88:libc.so!wcscpy
0x705ea16ff0:libc.so!getegid
0x705ea27e6c:libc.so!fwrite_unlocked
0x705e9a5258:libc.so!getcwd
0x705e9e9a88:libc.so!wmemcpy
0x705ea26bb0:libc.so!dprintf
0x705ea17cf0:libc.so!setxattr
0x705e9b5fc8:libc.so!sigset
0x705ea181d0:libc.so!listen
0x705ea45318:libc.so!timezone
0x705ea3b3ec:libc.so!_Unwind_ForcedUnwind
0x705e99e968:libc.so!tolower
0x705ea17090:libc.so!getpgid
0x705e9b769c:libc.so!posix_spawnattr_getsigmask
0x705ea173b0:libc.so!capset
0x705ea2e8c8:libc.so!pthread_attr_init
0x705ea2f930:libc.so!pthread_cond_broadcast
0x705e9fe6f8:libc.so!drand48
0x705e9fe884:libc.so!lrand48
0x705ea29b6c:libc.so!swscanf
0x705e986f14:libc.so!calloc
0x705e99f698:libc.so!alphasort
0x705e9adcec:libc.so!LoadMyStructArray
0x705ea185f0:libc.so!personality
0x705ea22a68:libc.so!__sched_cpufree
0x705ea3462c:libc.so!pthread_rwlock_timedrdlock
0x705ef995b0:libc.so!__stack_chk_guard
0x705e99e984:libc.so!toupper
0x705e9c5cac:libc.so!ns_skiprr
0x705e9b3578:libc.so!rename
0x705ea09d50:libc.so!mbtowc
0x705e9b6da8:libc.so!sleep
0x705ea14c74:libc.so!wcswidth
0x705e99e870:libc.so!isalpha
0x705e99f0dc:libc.so!readdir64_r
0x705e9f69a4:libc.so!inet_nsap_ntoa
0x705e9a2970:libc.so!android_fdsan_get_tag_type
0x705e9c1d34:libc.so!wcstoull_l
0x705ea2ebb4:libc.so!pthread_attr_getschedpolicy
0x705e9b7754:libc.so!posix_spawnattr_setsigdefault
0x705ea18050:libc.so!clock_adjtime
0x705e9b3de0:libc.so!sem_close
0x705ea2ad60:libc.so!popen
0x705ea2bab8:libc.so!__fwritable
0x705ea349e4:libc.so!pthread_rwlock_wrlock
0x705ea1439c:libc.so!strncasecmp
0x705e9c2ce0:libc.so!iswdigit_l
0x705ea172b0:libc.so!setrlimit64
0x705ea2eb90:libc.so!pthread_attr_getdetachstate
0x705e9a77a4:libc.so!getgrnam
0x705e9c2700:libc.so!iswalpha
0x705e9f59d4:libc.so!initstate
0x705ea0ea90:libc.so!fputwc
0x705ea17ff0:libc.so!timerfd_settime
0x705ea18010:libc.so!timerfd_gettime
0x705e9af174:libc.so!pause
0x705e9b76b0:libc.so!posix_spawnattr_getsigmask64
0x705e9c07d0:libc.so!mbsnrtowcs
0x705ea0c2c4:libc.so!__b64_pton
0x705ea16e68:libc.so!fts_open
0x705ea33fe4:libc.so!pthread_rwlockattr_getkind_np
0x705ea36e2c:libc.so!__cxa_finalize
0x705e9a4364:libc.so!ffs
0x705e9b5a98:libc.so!sigsuspend64
0x705ea1037c:libc.so!open_wmemstream
0x705ea310b4:libc.so!__pthread_cleanup_pop
0x705ea0cf38:libc.so!inet_pton
0x705ea189b0:libc.so!getrandom
0x705e9ffafc:libc.so!strcat
0x705e9e8934:libc.so!at_quick_exit
0x705e998120:libc.so!longjmp
0x705ea3b698:libc.so!_Unwind_Backtrace
0x705e9de75c:libc.so!__p_cdnname
0x705ea17050:libc.so!readahead
0x705ea17690:libc.so!mlockall
0x705ea2ed3c:libc.so!pthread_attr_getguardsize
0x705e9b80b8:libc.so!stat
0x705e99e910:libc.so!isspace
0x705e9ae490:libc.so!open64
0x705e9c2ae0:libc.so!iswalpha_l
0x705e9c3c48:libc.so!towctrans_l
0x705e9b575c:libc.so!sigpause
0x705e9bb148:libc.so!syslog
0x705ea33488:libc.so!pthread_mutex_timedlock
0x705e9b5c80:libc.so!sigpending64
0x705e9f6594:libc.so!psignal
0x705ea36150:libc.so!pthread_spin_destroy
0x705ea3b810:libc.so!__deregister_frame
0x705e9a34b4:libc.so!android_fdsan_exchange_owner_tag
0x705ea17d30:libc.so!getxattr
0x705e9a4670:libc.so!flockfile
0x705e9a5a40:libc.so!gethostname
0x705ea0fd20:libc.so!mkostemps
0x705e96a820:libc.so!in6addr_any
0x705e9c2eb0:libc.so!iswprint_l
0x705e9e0cec:libc.so!__res_nmkquery
0x705ea11cd0:libc.so!vswscanf
0x705ea18670:libc.so!vmsplice
0x705e99c708:libc.so!accept
0x705e99fe5c:libc.so!error_at_line
0x705e9c3af8:libc.so!towctrans
0x705ea455a8:libc.so!__malloc_hook
0x705e99bd1c:libc.so!connect
0x705e9b0614:libc.so!pselect64
0x705ea297e4:libc.so!sprintf
0x705ea29f30:libc.so!wprintf
0x705e9c2810:libc.so!iswspace
0x705e9c3a54:libc.so!wctype_l
0x705e9fecf8:libc.so!arc4random
0x705ea17910:libc.so!fremovexattr
0x705e9a69d0:libc.so!getpwnam_r
0x705e9e962c:libc.so!wcsrchr
0x705e9fec7c:libc.so!srand48
0x705ea17010:libc.so!getresuid
0x705ea29e40:libc.so!vwscanf
0x705ea17290:libc.so!getrlimit
0x705ea18530:libc.so!umask
0x705e9e9018:libc.so!wcslcat
0x705ea0ec2c:libc.so!fputws
0x705ea1cdbc:libc.so!strftime_l
0x705e9b4f38:libc.so!sigdelset64
0x705e9a2a58:libc.so!android_fdsan_get_tag_value
0x705ea228bc:libc.so!isatty
0x705e9b3a34:libc.so!scandir64
0x705e9bbc4c:libc.so!__system_property_read
0x705ea17c50:libc.so!chdir
0x705ea33e8c:libc.so!pthread_rwlockattr_getpshared
0x705ea3b048:libc.so!_Unwind_RaiseException
0x705ea17d70:libc.so!listxattr
0x705ea179f0:libc.so!linkat
0x705e9b1250:libc.so!timer_delete
0x705e9beac8:libc.so!cfsetispeed
0x705e9fe800:libc.so!lcong48
0x705ea094dc:libc.so!verrx
0x705e99ea0c:libc.so!isdigit_l
0x705ea34024:libc.so!pthread_rwlock_init
0x705e9f6188:libc.so!random
0x705ea18a10:libc.so!pidfd_send_signal
0x705e9b3614:libc.so!rmdir
0x705e9b5e7c:libc.so!sigrelse
0x705e9b8538:libc.so!strerror_l
0x705e9bbef4:libc.so!__system_property_wait_any
0x705e9df004:libc.so!__p_option
0x705ea17fd0:libc.so!timerfd_create
0x705ea289dc:libc.so!getwc
0x705e9bed00:libc.so!tcgetsid
0x705e9b1cf8:libc.so!posix_openpt
0x705ea139f0:libc.so!unsetenv
0x705ea17390:libc.so!capget
0x705ea368cc:libc.so!__cxa_thread_atexit_impl
0x705e9b9f64:libc.so!fstatfs64
0x705e9bb514:libc.so!system
0x705e9b9ec4:libc.so!signalfd64
0x705ea127b0:libc.so!imaxdiv
0x705ea176b0:libc.so!munlockall
0x705ea19a44:libc.so!ctime
0x705e988c20:libc.so!malloc_backtrace
0x705e9a2924:libc.so!android_fdsan_get_fd_table
0x705e9a48fc:libc.so!isnanf
0x705e9b8308:libc.so!strtoll_l
0x705ea2ed4c:libc.so!pthread_getattr_np
0x705e9b8314:libc.so!strerror_r
0x705e9b7a00:libc.so!posix_spawn_file_actions_init
0x705ea183b0:libc.so!sched_yield
0x705e9d7d50:libc.so!getnameinfo
0x705ea2959c:libc.so!vsnprintf
0x705e9dbeac:libc.so!_resolv_set_nameservers_for_net
0x705ea271f8:libc.so!getc
0x705ea28d1c:libc.so!putchar
0x705e9c3f3c:libc.so!__stack_chk_fail
0x705e9b99bc:libc.so!msgsnd
0x705e9bf144:libc.so!cnd_init
0x705e9e51ec:libc.so!__strcat_chk
0x705ea0c86c:libc.so!inet_makeaddr
0x705ea28224:libc.so!fwprintf
0x705e9880e4:libc.so!malloc_iterate
0x705e9b4920:libc.so!sigaction
0x705e99c8f0:libc.so!inet_aton
0x705e99e8b4:libc.so!isdigit
0x705e9a4a90:libc.so!isnanl
0x705e9c0194:libc.so!tmpnam
0x705ea1266c:libc.so!insque
0x705ea16b28:libc.so!fts_children
0x705e9b3d2c:libc.so!sem_destroy
0x705ea19264:libc.so!tzset
0x705e9ab3f4:libc.so!killpg
0x705e9ae810:libc.so!openat
0x705e9b883c:libc.so!strtoimax
0x705ea0b780:libc.so!wcstoumax
0x705e9f0b04:libc.so!strtod
0x705e9abd98:libc.so!basename
0x705e9bf26c:libc.so!cnd_timedwait
0x705e9df1d8:libc.so!__p_time
0x705ea18410:libc.so!sched_get_priority_max
0x705ea29944:libc.so!vsprintf
0x705ea29ddc:libc.so!vwprintf
0x705ea3250c:libc.so!pthread_mutex_init
0x705e9a53fc:libc.so!getdomainname
0x705e9bec5c:libc.so!tcflush
0x705ea0832c:libc.so!err
0x705ea22588:libc.so!ether_ntoa
0x705e9f5024:libc.so!strtof
0x705ea45310:libc.so!daylight
0x705ea19ecc:libc.so!timelocal
0x705ea2f238:libc.so!pthread_barrierattr_destroy
0x705e99dbcc:libc.so!brk
0x705e9a3ef4:libc.so!android_fdsan_get_error_level
0x705e9ba1c4:libc.so!fstatvfs64
0x705ea13ed0:libc.so!tdelete
0x705ea264a0:libc.so!ftell
0x705e99dee4:libc.so!c32rtomb
0x705e99e9a4:libc.so!toascii
0x705ea0fd3c:libc.so!mkostemp
0x705e9c2978:libc.so!iswdigit
0x705ea3b630:libc.so!_Unwind_FindEnclosingFunction
0x705e9b48a0:libc.so!setpgrp
0x705ea17870:libc.so!sync
0x705ea29c08:libc.so!vprintf
0x705e9a6ab0:libc.so!getpwuid_r
0x705ea371b0:libc.so!fork
0x705e9bf980:libc.so!thrd_detach
0x705ea34f80:libc.so!pthread_rwlock_clockwrlock
0x705e997f40:libc.so!setjmp
0x705e9a2a60:libc.so!android_fdsan_close_with_tag
0x705e9c05e8:libc.so!utmpname
0x705e9fe950:libc.so!nrand48
0x705ea14830:libc.so!strtok
0x705e9b87dc:libc.so!strtol
0x705e9e4c2c:libc.so!__strlcpy_chk
0x705e9b7980:libc.so!posix_spawnattr_setschedpolicy
0x705e9bb094:libc.so!SetOriginalPropertiesMap
0x705ea17cd0:libc.so!fchdir
0x705ea2bac8:libc.so!__flbf
0x705ea17a70:libc.so!renameat
0x705e9b36a8:libc.so!scandirat
0x705ea2f380:libc.so!pthread_barrier_init
0x705e986014:libc.so!pthread_atfork
0x705ea14a1c:libc.so!strxfrm
0x705e988164:libc.so!malloc_disable
0x705e9bb068:libc.so!MyStackContains
0x705ea182d0:libc.so!getsockopt
0x705ea0f6c8:libc.so!gets
0x705ea44540:libc.so!tzname
0x705ea36b30:libc.so!__cxa_atexit
0x705ea0e000:libc.so!fgetwc
0x705ea2ba84:libc.so!__fbufsize
0x705e9ad618:libc.so!endmntent
0x705e9e6c50:libc.so!qsort
0x705e9b6e08:libc.so!socketpair
0x705e9b8828:libc.so!strtoq
0x705e9d9f60:libc.so!sethostent
0x705ea17570:libc.so!munmap
0x705e9a715c:libc.so!getpwent
0x705e9aca60:libc.so!mbrtoc16
0x705e9ae26c:libc.so!getnetent
0x705e9ff940:libc.so!arc4random_uniform
0x705ea32384:libc.so!pthread_mutexattr_gettype
0x705e9b4890:libc.so!seteuid
0x705e9b8278:libc.so!strtold_l
0x705ea24a64:libc.so!freopen
0x705ea44558:libc.so!__sF
0x705ea2f1c4:libc.so!pthread_attr_setscope
0x705ea455c0:libc.so!__memalign_hook
0x705ea3100c:libc.so!pthread_detach
0x705ea1451c:libc.so!strndup
0x705e99f66c:libc.so!telldir
0x705ea364d4:libc.so!pthread_spin_unlock
0x705ea3b274:libc.so!_Unwind_Resume
0x705ea17bb0:libc.so!fallocate64
0x705e9df234:libc.so!__loc_aton
0x705e99ccd0:libc.so!atof
0x705e99e9f4:libc.so!iscntrl_l
0x705e9ab80c:libc.so!mkostemp64
0x705e9b9998:libc.so!msgrcv
0x705ea10b84:libc.so!ungetc
0x705ea17e30:libc.so!swapoff
0x705e9b30f0:libc.so!recvmsg
0x705e9b72cc:libc.so!posix_spawnp
0x705e99cc50:libc.so!__assert
0x705e9b28f4:libc.so!raise
0x705ea2fa6c:libc.so!pthread_cond_signal
0x705ea17070:libc.so!getgroups
0x705ea361f8:libc.so!pthread_spin_trylock
0x705e99e8d4:libc.so!islower
0x705e9b87c0:libc.so!atoi
0x705e9d9dac:libc.so!nsdispatch
0x705e9e3f84:libc.so!android_net_res_stats_get_usable_servers
0x705ea35838:libc.so!pthread_getname_np
0x705e9a6d84:libc.so!getlogin_r
0x705e9ac3f0:libc.so!newlocale
0x705e9bc544:libc.so!__system_property_update_new
0x705e9e89f8:libc.so!quick_exit
0x705ea17030:libc.so!getresgid
0x705e993e54:libc.so!__libc_init
0x705e9bad70:libc.so!sysinfo
0x705e9b36a8:libc.so!scandirat64
0x705e9b6ff4:libc.so!posix_spawn
0x705e9c5dbc:libc.so!ns_initparse
0x705e9dcfac:libc.so!__putshort
0x705e9dcfb0:libc.so!_getlong
0x705e99e92c:libc.so!isupper
0x705e9b29c0:libc.so!srand
0x705e9b87f0:libc.so!atol
0x705ea0dc58:libc.so!fgetln
0x705e9ac398:libc.so!duplocale
0x705e9ad160:libc.so!mkfifoat
0x705ea18210:libc.so!getsockname
0x705ea44720:libc.so!stdin
0x705e9ac0f8:libc.so!link
0x705e9e48e0:libc.so!__readlinkat_chk
0x705e9c18bc:libc.so!wcscoll_l
0x705e9d6554:libc.so!android_gethostbyaddrfornet
0x705e9dcc28:libc.so!__dn_comp
0x705e9e9730:libc.so!wcsstr
0x705ea12814:libc.so!labs
0x705ea34984:libc.so!pthread_rwlock_tryrdlock
0x705ea3b5ec:libc.so!_Unwind_GetTextRelBase
0x705ea280d8:libc.so!vfscanf
0x705e9ae274:libc.so!getprotobyname
0x705e9bb0a4:libc.so!GetOriginalPropertiesMap
0x705e9c27a8:libc.so!iswlower
0x705ea0e19c:libc.so!fgetws
0x705e987efc:libc.so!reallocarray
0x705ea12250:libc.so!getenv
0x705e9a053c:libc.so!execl
0x705ea18570:libc.so!init_module
0x705ea3b4b8:libc.so!_Unwind_DeleteException
0x705e9ad634:libc.so!hasmntopt
0x705e9adf38:libc.so!if_nametoindex
0x705e9b85e4:libc.so!strncasecmp_l
0x705e994100:libc.so!memcmp
0x705e9c2850:libc.so!iswupper
0x705ea229a0:libc.so!__sched_cpualloc
0x705e99c4b8:libc.so!__libc_current_sigrtmax
0x705e99e15c:libc.so!clearenv
0x705ea14364:libc.so!strcasecmp
0x705ea12a44:libc.so!lfind
0x705ea18450:libc.so!sched_rr_get_interval
0x705e997a50:libc.so!__memset_chk
0x705e9ac1a0:libc.so!__ctype_get_mb_cur_max
0x705e9dea54:libc.so!__sym_ston
0x705ea443d0:libc.so!optind
0x705e99ef30:libc.so!readdir
0x705e9dd340:libc.so!res_mkquery
0x705ea12858:libc.so!lldiv
0x705ea204e4:libc.so!strptime_l
0x705e9b1510:libc.so!preadv64
0x705e9b7610:libc.so!posix_spawnattr_setsigmask
0x705e9a48d8:libc.so!__isinff
0x705e996dc4:libc.so!clock_gettime
0x705e9ade54:libc.so!if_indextoname
0x705e9b8534:libc.so!strcoll_l
0x705e9bb0f8:libc.so!setlogmask
0x705ea142a8:libc.so!memccpy
0x705e9a0cc8:libc.so!execv
0x705e9ae3d8:libc.so!catgets
0x705e9b9f64:libc.so!fstatfs
0x705e9c05d0:libc.so!endutent
0x705ea0f3e4:libc.so!getdelim
0x705ea2f1e0:libc.so!pthread_attr_getscope
0x705e9c6680:libc.so!ns_sprintrr
0x705e9e41ec:libc.so!__FD_ISSET_chk
0x705e99e854:libc.so!isalnum
0x705e9b2880:libc.so!login_tty
0x705e9bfb48:libc.so!tss_create
0x705ea320c8:libc.so!pthread_setspecific
0x705ea188b0:libc.so!setdomainname
0x705ea18510:libc.so!uname
0x705e9a5eac:libc.so!getpriority
0x705e9b7500:libc.so!posix_spawnattr_setflags
0x705e9e8cbc:libc.so!wcschr
0x705ea12d30:libc.so!putenv
0x705ea1ce70:libc.so!strftime
0x705e99e0a8:libc.so!chown
0x705e99e9dc:libc.so!isblank_l
0x705ea14490:libc.so!strcoll
0x705e9a4a50:libc.so!__isinfl
0x705e9ae010:libc.so!if_nameindex
0x705e9e999c:libc.so!wmemchr
0x705e99ea94:libc.so!isxdigit_l
0x705e9b079c:libc.so!posix_fadvise
0x705e9b54bc:libc.so!siginterrupt
0x705e9d1a14:libc.so!ns_format_ttl
0x705ea17df0:libc.so!statx
0x705e9bbea8:libc.so!__system_property_serial
0x705ea29a38:libc.so!sscanf
0x705e9d6168:libc.so!gethostbyname
0x705ea09694:libc.so!vwarnx
0x705ea14798:libc.so!strspn
0x705ea365f4:libc.so!__libc_get_static_tls_bounds
0x705e9a48f0:libc.so!__isnan
0x705e9a5100:libc.so!nftw
0x705e9e66f4:libc.so!hsearch_r
0x705e9c26c0:libc.so!iswalnum
0x705e9e02c4:libc.so!__p_secstodate
0x705ea146dc:libc.so!strsep
0x705e9bf7e4:libc.so!thrd_create
0x705e9c04ac:libc.so!unlink
0x705ea18910:libc.so!wait4
0x705e9de968:libc.so!__p_fqname
0x705e99c814:libc.so!inet_addr
0x705e9e4e40:libc.so!__strrchr_chk
0x705e9debec:libc.so!__p_type
0x705ea173f0:libc.so!acct
0x705ea3133c:libc.so!pthread_getschedparam
0x705ea33530:libc.so!pthread_mutex_timedlock_monotonic_np
0x705e9da0c8:libc.so!endhostent
0x705ea26b90:libc.so!ctermid
0x705ea31098:libc.so!__pthread_cleanup_push
0x705e99bde8:libc.so!sendmsg
0x705e9ae25c:libc.so!getnetbyaddr
0x705ef980b0:libc.so!__system_property_area__
0x705e99bdcc:libc.so!sendmmsg
0x705e9af6c0:libc.so!pipe
0x705e9c3e54:libc.so!wmempcpy
0x705ea17f10:libc.so!setitimer
0x705ea2ba8c:libc.so!__freading
0x705e99c3fc:libc.so!__gnu_basename
0x705e9b20f0:libc.so!ttyname_r
0x705e9d87c8:libc.so!getservent
0x705ea292e4:libc.so!scanf
0x705e9baa68:libc.so!get_nprocs
0x705e9b5b48:libc.so!sigpending
0x705ea0bc44:libc.so!wctomb
0x705ea2baa4:libc.so!__freadable
0x705e9b47fc:libc.so!setegid
0x705e9b6510:libc.so!sigtimedwait64
0x705e9e8bc8:libc.so!wcscasecmp
0x705ea0c7a4:libc.so!htonl
0x705ea11090:libc.so!vasprintf
0x705ea17dd0:libc.so!lremovexattr
0x705ea3b484:libc.so!_Unwind_GetRegionStart
0x705e9ad588:libc.so!setmntent
0x705e9bf1a8:libc.so!cnd_signal
0x705e9c0028:libc.so!tempnam
0x705ea17c90:libc.so!umount2
0x705e9c3090:libc.so!iswupper_l
0x705e9c59b4:libc.so!ns_name_rollback
0x705ea305dc:libc.so!pthread_create
0x705e99eb8c:libc.so!fdopendir
0x705e9b9134:libc.so!epoll_create
0x705ea171d0:libc.so!kill
0x705ea17310:libc.so!setpgid
0x705e9b966c:libc.so!epoll_wait
0x705ea35288:libc.so!pthread_rwlock_unlock
0x705e99bfbc:libc.so!socket
0x705e9a6f44:libc.so!endpwent
0x705e9b6358:libc.so!sigsuspend
0x705e9c494c:libc.so!ns_name_ntol
0x705ea18230:libc.so!getpeername
0x705e9ffd5c:libc.so!strlcpy
0x705ea13210:libc.so!setenv
0x705e9ab8c4:libc.so!mkstemps64
0x705e9b3bb4:libc.so!sched_getcpu
0x705ea32004:libc.so!pthread_key_delete
0x705ea095c4:libc.so!vwarn
0x705ea18030:libc.so!adjtimex
0x705ea2b9e4:libc.so!pclose
0x705e9fef6c:libc.so!arc4random_buf
0x705e99f814:libc.so!dup2
0x705ea3108c:libc.so!pthread_equal
0x705ea17470:libc.so!pwrite
0x705e9e54d4:libc.so!getopt
0x705ea0bb40:libc.so!wctob
0x705e99f9fc:libc.so!dup3
0x705e9a7f74:libc.so!getgrent
0x705ea0c7ac:libc.so!htons
0x705e9c3fb0:libc.so!ns_name_ntop
0x705e9dd81c:libc.so!__res_send
0x705ea17c30:libc.so!fstat
0x705ea17af0:libc.so!utimensat
0x705e9ac2a4:libc.so!localeconv
0x705e9b4758:libc.so!send
0x705e9b50e0:libc.so!sigfillset
0x705e9b7574:libc.so!posix_spawnattr_getflags
0x705e9b75fc:libc.so!posix_spawnattr_getpgroup
0x705ea0bb30:libc.so!wcsxfrm
0x705ea2ec40:libc.so!pthread_attr_setstacksize
0x705ea24134:libc.so!fopen64
0x705ea33f00:libc.so!pthread_rwlockattr_setpshared
0x705e9a3fa0:libc.so!android_fdsan_set_error_level
0x705e9a4378:libc.so!ffsl
0x705e9ab330:libc.so!ioctl
0x705e9fe3f8:libc.so!regfree
0x705e99e474:libc.so!clone
0x705e9a4e44:libc.so!ftw
0x705e9ac24c:libc.so!uselocale
0x705ea17850:libc.so!fchown
0x705e9e5330:libc.so!__memcpy_chk
0x705e9b0b18:libc.so!posix_madvise
0x705e9ba004:libc.so!statfs64
0x705e9a0e5c:libc.so!execvpe
0x705e9a42e0:libc.so!android_fdtrack_set_enabled
0x705e9c1818:libc.so!wcsrtombs
0x705ea3b4d4:libc.so!_Unwind_GetGR
0x705ea22af0:libc.so!__sched_cpucount
0x705e99e998:libc.so!isascii
0x705e9bac84:libc.so!get_phys_pages
0x705e997f50:libc.so!_setjmp
0x705e99c7e4:libc.so!access
0x705e9b084c:libc.so!posix_fadvise64
0x705e9b4d7c:libc.so!sigblock
0x705e9ab0e8:libc.so!freeifaddrs
0x705e9c3138:libc.so!iswxdigit_l
0x705e9dcc90:libc.so!__res_hnok
0x705ea11924:libc.so!vswprintf
0x705ea1217c:libc.so!div
0x705e99e1e0:libc.so!clock
0x705e9acc90:libc.so!mbrtoc32
0x705e9c05d4:libc.so!setutent
0x705e9fb95c:libc.so!regerror
0x705ea26528:libc.so!ftello64
0x705ea0fd2c:libc.so!mkstemp
0x705e9b13e0:libc.so!timer_getoverrun
0x705e9b152c:libc.so!pwritev
0x705e9b4740:libc.so!sem_getvalue
0x705ea18710:libc.so!_Exit
0x705e9aeb2c:libc.so!__openat_2
0x705e9b4af0:libc.so!pthread_sigmask
0x705e9bb0b4:libc.so!SetMyDumpStackFunc
0x705e9bb0c0:libc.so!MyDumpStack
0x705e9be8b8:libc.so!tdestroy
0x705e99f548:libc.so!seekdir
0x705e9c1be8:libc.so!wcstol_l
0x705e9dcfa8:libc.so!__putlong
0x705e9e5c98:libc.so!getopt_long_only
0x705ea2f248:libc.so!pthread_barrierattr_getpshared
0x705e9bb0e0:libc.so!closelog
0x705e9c04a4:libc.so!umount
0x705e9c5c8c:libc.so!ns_msg_getflag
0x705ea29430:libc.so!snprintf
0x705ea17e90:libc.so!nanosleep
0x705e9e4274:libc.so!__FD_CLR_chk
0x705ea28024:libc.so!fscanf
0x705ea195d8:libc.so!localtime
0x705e9d1868:libc.so!ns_samename
0x705ea0c7b8:libc.so!inet_lnaof
0x705ea27388:libc.so!getc_unlocked
0x705ea34ee8:libc.so!pthread_rwlock_timedwrlock_monotonic_np
0x705ea17b30:libc.so!ftruncate
0x705e9a5e7c:libc.so!getpagesize
0x705ea14698:libc.so!strpbrk
0x705ea18470:libc.so!sched_setaffinity
0x705ea27acc:libc.so!putc_unlocked
0x705ea36134:libc.so!pthread_spin_init
0x705e9ae6f8:libc.so!__open_2
0x705e9b0288:libc.so!ppoll64
0x705e9b9b60:libc.so!semget
0x705ea28a10:libc.so!perror
0x705e997a60:libc.so!memset
0x705ea171f0:libc.so!tgkill
0x705e9c1bec:libc.so!wcstoll_l
0x705e9c2abc:libc.so!iswalnum_l
0x705e9dd230:libc.so!__p_query
0x705ea44730:libc.so!stderr
0x705e9d6328:libc.so!android_gethostbynamefornet
0x705e9e1978:libc.so!__res_nameinquery
0x705ea26fac:libc.so!fgetc
0x705e9a1890:libc.so!fexecve
0x705e9b1454:libc.so!preadv
0x705e9ddc18:libc.so!__hostalias
0x705e9b30b8:libc.so!reboot
0x705e9b747c:libc.so!posix_spawnattr_destroy
0x705e9c55c4:libc.so!ns_name_uncompress
0x705e9fff18:libc.so!strncat
0x705ea19c00:libc.so!mktime
0x705ea35e70:libc.so!pthread_setschedparam
0x705e9b23c8:libc.so!unlockpt
0x705ea17b50:libc.so!sendfile64
0x705ea185b0:libc.so!klogctl
0x705e9872f4:libc.so!mallopt
0x705e996f14:libc.so!clock_getres
0x705e9be9c8:libc.so!cfmakeraw
0x705e9bf4e8:libc.so!mtx_lock
0x705ea3582c:libc.so!pthread_self
0x705e9e509c:libc.so!__sprintf_chk
0x705e9ae3e0:libc.so!catclose
0x705e9bf3dc:libc.so!mtx_destroy
0x705e9e01b0:libc.so!__dn_count_labels
0x705ea3231c:libc.so!pthread_mutexattr_destroy
0x705e9b0164:libc.so!ppoll
0x705e9b1338:libc.so!timer_gettime
0x705e9b1340:libc.so!timer_settime
0x705ea183d0:libc.so!sched_setparam
0x705ea182b0:libc.so!setsockopt
0x705ea09f84:libc.so!wcstoimax
0x705ea18a28:libc.so!asctime_r
0x705ea2ea20:libc.so!pthread_attr_getinheritsched
0x705e99c4c8:libc.so!abort
0x705e9a9730:libc.so!iconv_open
0x705e9ac030:libc.so!dirname
0x705e9b1df8:libc.so!ptsname
0x705ea18770:libc.so!inotify_add_watch
0x705e9bfa38:libc.so!thrd_join
0x705e9c1b58:libc.so!wcstof_l
0x705e99e8c4:libc.so!isgraph
0x705e9a478c:libc.so!funlockfile
0x705e9a6e54:libc.so!setpwent
0x705e9bbac4:libc.so!__system_properties_init
0x705ea443d4:libc.so!optopt
0x705ea07744:libc.so!memmem
0x705e9b55cc:libc.so!sigismember
0x705e9ba300:libc.so!utimes
0x705ea09ef0:libc.so!wcscoll
0x705e9dcc30:libc.so!__dn_skipname
0x705e9e474c:libc.so!__pread_chk
0x705ea17810:libc.so!fsync
0x705ea17410:libc.so!read
0x705ef96a40:libc.so!error_one_per_line
0x705e9b6800:libc.so!sigwaitinfo
0x705e9c05d8:libc.so!getutent
0x705e9e4a94:libc.so!__stpncpy_chk
0x705ea09294:libc.so!getprogname
0x705e99e8e4:libc.so!isprint
0x705e99e9c8:libc.so!isalpha_l
0x705e99eae0:libc.so!dirfd
0x705e99f6ac:libc.so!dup
0x705e994240:libc.so!memrchr
0x705ea15428:libc.so!fts_close
0x705ea451f0:libc.so!optreset
0x705e9e6224:libc.so!hdestroy
0x705e9e8ee0:libc.so!wcsdup
0x705ea18e08:libc.so!asctime
0x705e9a2534:libc.so!fcntl
0x705e9c1ac8:libc.so!wcstod_l
0x705ea17770:libc.so!flock
0x705e99ea3c:libc.so!isprint_l
0x705e9e47b0:libc.so!__pwrite64_chk
0x705ea35be8:libc.so!pthread_setname_np
0x705e9a48f0:libc.so!isnan
0x705ea273dc:libc.so!fgets
0x705e9bf37c:libc.so!cnd_wait
0x705e9c2774:libc.so!iswgraph
0x705ea13c08:libc.so!tfind
0x705ea17b90:libc.so!mmap64
0x705e9c2fe8:libc.so!iswspace_l
0x705e99e89c:libc.so!iscntrl
0x705e9b24e4:libc.so!openpty
0x705e9c2e08:libc.so!iswlower_l
0x705e9dcf80:libc.so!__res_dnok
0x705ea196f4:libc.so!localtime_r
0x705e9b6640:libc.so!sigwait
0x705e9c27dc:libc.so!iswprint
0x705e9b2aac:libc.so!realpath
0x705e9c3630:libc.so!towupper_l
0x705ea083d8:libc.so!errx
0x705e9a4810:libc.so!__fpclassifyd
0x705ea3fe88:libc.so!__p_class_syms
0x705ea173d0:libc.so!sigaltstack
0x705e9a7df4:libc.so!endgrent
0x705e9b15e8:libc.so!pwritev64
0x705e9c1dd8:libc.so!wcstold_l
0x705ea3b450:libc.so!_Unwind_GetLanguageSpecificData
0x705e9a4868:libc.so!__fpclassifyf
0x705e9b9d48:libc.so!shmget
0x705e9dc6c4:libc.so!android_net_res_stats_get_info_for_net
0x705e9dd738:libc.so!__res_isourserver
0x705e9b8af8:libc.so!strtoul
0x705e9aefb8:libc.so!fpathconf
0x705e9b78dc:libc.so!posix_spawnattr_getschedparam
0x705e9c1974:libc.so!wcsftime_l
0x705e9d2160:libc.so!freeaddrinfo
0x705ea18810:libc.so!process_vm_writev
0x705ea0fcec:libc.so!mktemp
0x705e9c28cc:libc.so!iswcntrl
0x705e9e4a2c:libc.so!__stpcpy_chk
0x705e9e5bcc:libc.so!getopt_long
0x705ea22488:libc.so!ether_ntoa_r
0x705ea2a88c:libc.so!fread_unlocked
0x705ea3683c:libc.so!__libc_register_dynamic_tls_listeners
0x705e9a4940:libc.so!__isnormal
0x705e9b9978:libc.so!msgget
0x705e9bb0d4:libc.so!SetMyStackContainsFunc
0x705e9c3458:libc.so!iswctype_l
0x705e9dbccc:libc.so!_resolv_delete_cache_for_net
0x705ea18270:libc.so!recvfrom
0x705e9af380:libc.so!pidfd_getfd
0x705ea322b4:libc.so!pthread_mutexattr_init
0x705e9ae404:libc.so!creat64
0x705ea0b434:libc.so!wcstoull
0x705e9dd244:libc.so!__fp_query
0x705ea14af0:libc.so!wcslcpy
0x705ea179d0:libc.so!fstatat64
0x705ea2bb58:libc.so!__fpending
0x705e9a49b0:libc.so!__fpclassifyl
0x705e9b80b8:libc.so!stat64
0x705e9b8d98:libc.so!strtouq
0x705ea2f40c:libc.so!pthread_barrier_wait
0x705ea324cc:libc.so!pthread_mutexattr_setprotocol
0x705ea3b548:libc.so!_Unwind_Resume_or_Rethrow
0x705e9e4c60:libc.so!__strlen_chk
0x705e9a48c0:libc.so!__isinf
0x705e9dd250:libc.so!__fp_nquery
0x705e9e4f38:libc.so!__snprintf_chk
0x705ea17230:libc.so!getrusage
0x705ea183f0:libc.so!sched_getparam
0x705ea188d0:libc.so!sethostname
0x705ea19f5c:libc.so!timegm
0x705ea35674:libc.so!pthread_sigqueue
0x705ea3b5a8:libc.so!_Unwind_GetDataRelBase
0x705e987550:libc.so!malloc
0x705e99f4ec:libc.so!rewinddir
0x705e9ac8e0:libc.so!lstat
0x705e99be98:libc.so!sendto
0x705e9a4560:libc.so!flistxattr
0x705e9b0980:libc.so!posix_fallocate
0x705ea272c0:libc.so!fgetc_unlocked
0x705ea2f6d8:libc.so!pthread_condattr_init
0x705e998120:libc.so!_longjmp
0x705e9b7624:libc.so!posix_spawnattr_setsigmask64
0x705ea2fc2c:libc.so!pthread_cond_timedwait
0x705ea323a8:libc.so!pthread_mutexattr_settype
0x705ea27a08:libc.so!fputc_unlocked
0x705ea293c8:libc.so!setbuffer
0x705e9982c0:libc.so!syscall
0x705e9b8438:libc.so!__gnu_strerror_r
0x705ea44538:libc.so!_ctype_
0x705e9dabe8:libc.so!hstrerror
0x705ea2f5c8:libc.so!pthread_barrier_destroy
0x705e9b5198:libc.so!sigfillset64
0x705e9b04d0:libc.so!select
0x705ea17ab0:libc.so!symlinkat
0x705e9bf5ac:libc.so!mtx_timedlock
0x705ea18590:libc.so!delete_module
0x705e9a4b98:libc.so!fsetxattr
0x705e9e4400:libc.so!__fread_chk
0x705ea17b10:libc.so!lseek64
0x705e9a5f50:libc.so!android_get_device_api_level
0x705e9e5004:libc.so!__vsprintf_chk
0x705e9bfda8:libc.so!tmpfile64
0x705ea2ed2c:libc.so!pthread_attr_setguardsize
0x705e9c5a18:libc.so!ns_name_skip
0x705e9d20ec:libc.so!gai_strerror
0x705e9e5260:libc.so!__strcpy_chk
0x705e9c38cc:libc.so!wctype
0x705e9e4e88:libc.so!__umask_chk
0x705e997c40:libc.so!wmemmove
0x705e9b6afc:libc.so!sigprocmask64
0x705ea127a4:libc.so!imaxabs
0x705e987c7c:libc.so!realloc
0x705e9a4700:libc.so!ftrylockfile
0x705e9bbc2c:libc.so!__system_property_find
0x705e9a51b8:libc.so!futimens
0x705e9ad2ec:libc.so!getmntent_r
0x705e9afbe4:libc.so!pipe2
0x705e9b7990:libc.so!posix_spawnattr_getschedpolicy
0x705e9bf720:libc.so!mtx_unlock
0x705e9c2de4:libc.so!iswgraph_l
0x705ea16a44:libc.so!fts_set
0x705ea17650:libc.so!mlock2
0x705ea1f52c:libc.so!strptime
0x705ea2f7a8:libc.so!pthread_condattr_setpshared
0x705e9bacfc:libc.so!get_avphys_pages
0x705e9b3e54:libc.so!sem_unlink
0x705e9dcbec:libc.so!dn_expand
0x705e9de81c:libc.so!__p_cdname
0x705ea2bb70:libc.so!__fseterr
0x705ea3b808:libc.so!__register_frame
0x705e9a7984:libc.so!getgrgid_r
0x705ea3191c:libc.so!pthread_join
0x705e9e16a8:libc.so!__res_nquerydomain
0x705ea2bad4:libc.so!__fpurge
0x705ea2ed04:libc.so!pthread_attr_setstack
0x705ea3b508:libc.so!_Unwind_GetIP
0x705e9b1c90:libc.so!getpt
0x705e9b7ba0:libc.so!posix_spawn_file_actions_addclose
0x705e9d8944:libc.so!getservbyport
0x705e99edbc:libc.so!opendir
0x705e9b853c:libc.so!strxfrm_l
0x705ea18390:libc.so!sched_getscheduler
0x705e987880:libc.so!memalign
0x705ea17a30:libc.so!mknodat
0x705e9e4ac8:libc.so!__stpncpy_chk2
0x705e9ad0b8:libc.so!mkdir
0x705e99e008:libc.so!chmod
0x705e9ab76c:libc.so!lchown
0x705e9d86a4:libc.so!setservent
0x705ea26298:libc.so!fseeko64
0x705e9a1a34:libc.so!backtrace
0x705e9bf67c:libc.so!mtx_trylock
0x705e9e95e8:libc.so!wcspbrk
0x705e996b94:libc.so!sysconf
0x705e9ddafc:libc.so!__res_querydomain
0x705ea25970:libc.so!fileno_unlocked
0x705ea175d0:libc.so!mprotect
0x705e9ae490:libc.so!open
0x705e9ac980:libc.so!mblen
0x705e9b3d34:libc.so!sem_open
0x705ea09c00:libc.so!mbstowcs
0x705ea29fe0:libc.so!wscanf
0x705e9b2694:libc.so!forkpty
0x705e9bbf88:libc.so!__system_property_wait
0x705ea26af4:libc.so!asprintf
0x705ea28924:libc.so!getline
0x705e9b0bec:libc.so!timer_create
0x705e9b4c30:libc.so!sigaddset
0x705ea17b70:libc.so!truncate64
0x705e9c3f54:libc.so!getauxval
0x705e9a4940:libc.so!isnormal
0x705ea172d0:libc.so!prlimit
0x705ea261e4:libc.so!fseeko
0x705e9e5184:libc.so!__write_chk
0x705e9a0454:libc.so!eventfd_write
0x705e9e4c94:libc.so!__strncat_chk
0x705ea17eb0:libc.so!clock_settime
0x705ea19a38:libc.so!gmtime
0x705e9e9368:libc.so!wcsncat
0x705e9fbf1c:libc.so!regexec
0x705ea2e8ec:libc.so!pthread_attr_destroy
0x705ea278fc:libc.so!putc
0x705e9a7d14:libc.so!setgrent
0x705e9bfad8:libc.so!thrd_yield
0x705e9c5c70:libc.so!ns_put16
0x705e9dce88:libc.so!__res_mailok
0x705e9e4eb0:libc.so!__vsnprintf_chk
0x705e9a43a0:libc.so!fgetxattr
0x705e9a6334:libc.so!getpwuid
0x705e9dcd34:libc.so!__res_ownok
0x705ea18750:libc.so!inotify_init1
0x705e9ad82c:libc.so!mremap
0x705e9b2038:libc.so!ttyname
0x705e9b4464:libc.so!sem_post
0x705e9d23e8:libc.so!android_getaddrinfofornetcontext
0x705ea29060:libc.so!putwchar
0x705e9adaec:libc.so!LoadMyStruct
0x705e9ae264:libc.so!getnetbyname
0x705ea32164:libc.so!pthread_kill
0x705e9b1870:libc.so!pwritev2
0x705ea0f200:libc.so!fwide
0x705e9e4d54:libc.so!__strncpy_chk2
0x705e9b1df0:libc.so!grantpt
0x705e9b3c94:libc.so!sem_init
0x705e9f67ac:libc.so!utime
0x705ea2634c:libc.so!fsetpos
0x705ea35f20:libc.so!pthread_setschedprio
0x705e99ea1c:libc.so!isgraph_l
0x705e9b7864:libc.so!posix_spawnattr_setschedparam
0x705ea0c92c:libc.so!inet_ntoa
0x705ea17670:libc.so!munlock
0x705ea176d0:libc.so!mincore
0x705ea225e0:libc.so!exit
0x705e998120:libc.so!siglongjmp
0x705e99dcac:libc.so!c16rtomb
0x705e99e8f4:libc.so!ispunct
0x705e9ab768:libc.so!nl_langinfo_l
0x705e9b68d8:libc.so!sigwaitinfo64
0x705e9ac8dc:libc.so!lockf
0x705e9ae284:libc.so!getprotoent
0x705ea17a90:libc.so!renameat2
0x705ea25ad4:libc.so!clearerr_unlocked
0x705e9b1e34:libc.so!ptsname_r
0x705e9be9b8:libc.so!cfgetospeed
0x705e9a5c20:libc.so!getloadavg
0x705e9b95b0:libc.so!epoll_pwait64
0x705e9c0708:libc.so!mbsinit
0x705e9c36d4:libc.so!towlower_l
0x705e9dd5a0:libc.so!__res_send_setqhook
0x705ea17ef0:libc.so!getitimer
0x705ea33ff8:libc.so!pthread_rwlockattr_setkind_np
0x705ea44728:libc.so!stdout
0x705e9a03b4:libc.so!eventfd_read
0x705e9a430c:libc.so!android_fdtrack_compare_exchange_hook
0x705e9bde2c:libc.so!__system_properties_init_new
0x705e9e1c08:libc.so!__res_nsend
0x705ea17350:libc.so!chroot
0x705ea2ecec:libc.so!pthread_attr_getstack
0x705e9f55e4:libc.so!srandom
0x705e9b402c:libc.so!sem_timedwait
0x705e9c31d8:libc.so!iswctype
0x705ea25b08:libc.so!clearerr
0x705e9a4978:libc.so!__isnormalf
0x705e9ac7d4:libc.so!lockf64
0x705e9c2a14:libc.so!iswpunct
0x705e9dd920:libc.so!__res_close
0x705ea29ad4:libc.so!swprintf
0x705ea16f90:libc.so!getuid
0x705e9ad254:libc.so!getmntent
0x705ea175b0:libc.so!msync
0x705ea17b50:libc.so!sendfile
0x705e9b53a0:libc.so!sigignore
0x705e9dedc8:libc.so!__p_class
0x705e9dd48c:libc.so!res_query
0x705ea17d90:libc.so!llistxattr
0x705ea2f2b8:libc.so!pthread_barrierattr_setpshared
0x705ea2f868:libc.so!pthread_condattr_destroy
0x705e99c3ec:libc.so!__errno
0x705ea33bf4:libc.so!pthread_once
0x705e9ad150:libc.so!mkfifo
0x705e9e61e8:libc.so!hcreate
0x705e9fe5d8:libc.so!bsearch
0x705ea28dc0:libc.so!puts
0x705ea3b7c8:libc.so!_Unwind_GetIPInfo
0x705e9a5f04:libc.so!gettid
0x705ea330a4:libc.so!pthread_mutex_trylock
0x705e9a20f8:libc.so!fchmod
0x705e9be434:libc.so!__system_properties_flush_new
0x705ea14494:libc.so!strcspn
0x705ea291cc:libc.so!rewind
0x705ea0bd5c:libc.so!__b64_ntop
0x705ea17630:libc.so!mlock
0x705ea17b70:libc.so!truncate
0x705ea264a0:libc.so!ftello
0x705ea2e1e0:libc.so!__tls_get_addr
0x705ea369a0:libc.so!android_unsafe_frame_pointer_chase
0x705e9a4b14:libc.so!__isnormall
0x705e9b62a0:libc.so!sigsetmask
0x705e9dd66c:libc.so!__res_send_setrhook
0x705e9deb60:libc.so!__sym_ntop
0x705ea28b24:libc.so!printf
0x705e9b9084:libc.so!sync_file_range
0x705ea0ca0c:libc.so!inet_ntop
0x705ea170d0:libc.so!getsid
0x705e9a4908:libc.so!__isfinite
0x705ea0b04c:libc.so!wcstoul
0x705e9d1604:libc.so!ns_makecanon
0x705e9ae3d0:libc.so!catopen
0x705e9b6720:libc.so!sigwait64
0x705e9c06f8:libc.so!waitpid
0x705e9dead8:libc.so!__sym_ntos
0x705ea316c8:libc.so!android_run_on_all_threads
0x705ea34158:libc.so!pthread_rwlock_rdlock
0x705e99f0dc:libc.so!readdir_r
0x705e9b1604:libc.so!preadv2
0x705e9b8dc0:libc.so!strtold
0x705e9e9b24:libc.so!glob
0x705ea2fcf8:libc.so!pthread_cond_timedwait_monotonic_np
0x705e9dfd98:libc.so!__loc_ntoa
0x705ea0e6bc:libc.so!fpurge
0x705e9dbc30:libc.so!_resolv_flush_cache_for_net
0x705ea1284c:libc.so!llabs
0x705e9bb2a8:libc.so!vsyslog
0x705e9bd754:libc.so!__system_property_set_new
0x705e9e93dc:libc.so!wcsncmp
0x705ea18890:libc.so!setfsuid
0x705e9b4b84:libc.so!pthread_sigmask64
0x705e9bc3d8:libc.so!__system_property_find_new
0x705e9bee58:libc.so!tcgetpgrp
0x705e9beefc:libc.so!tcsetpgrp
0x705e9a5e8c:libc.so!getpid
0x705e9a48c0:libc.so!isinf
0x705e9b2930:libc.so!rand
0x705e9e8c64:libc.so!wcscat
0x705ea10f00:libc.so!ungetwc
0x705ea18490:libc.so!setns
0x705e9c04bc:libc.so!usleep
0x705e9b5238:libc.so!sighold
0x705ea2f880:libc.so!pthread_cond_init
0x705e9d877c:libc.so!endservent
0x705ea28768:libc.so!getchar_unlocked
0x705e9e44c4:libc.so!__memchr_chk
0x705ea17bb0:libc.so!fallocate
0x705e9ba0a4:libc.so!statvfs
0x705e9c34e8:libc.so!towlower
0x705e98792c:libc.so!posix_memalign
0x705e9b8828:libc.so!strtoll
0x705e9c2ed4:libc.so!iswpunct_l
0x705ea3b500:libc.so!_Unwind_SetGR
0x705e9a2034:libc.so!faccessat
0x705e9bfda8:libc.so!tmpfile
0x705e9c3f14:libc.so!android_reset_stack_guards
0x705ea269b4:libc.so!funopen64
0x705ea351b4:libc.so!pthread_rwlock_trywrlock
0x705ea07c24:libc.so!strstr
0x705e9c358c:libc.so!towupper
0x705e9e52c8:libc.so!__mempcpy_chk
0x705ea0af48:libc.so!wcstombs
0x705e9a48d8:libc.so!isinff
0x705e9a4978:libc.so!isnormalf
0x705e9ae404:libc.so!creat
0x705e9e49a4:libc.so!__recvfrom_chk
0x705ea17290:libc.so!getrlimit64
0x705ea324b8:libc.so!pthread_mutexattr_getpshared
0x705e9a3404:libc.so!android_fdsan_get_owner_tag
0x705e9b30d4:libc.so!recv
0x705ea18710:libc.so!_exit
0x705e9e46e8:libc.so!__pread64_chk
0x705ea123e4:libc.so!getsubopt
0x705e9bbaf8:libc.so!__system_property_area_init
0x705ea17270:libc.so!setpriority
0x705e99ea84:libc.so!isupper_l
0x705e9c61d0:libc.so!ns_parserr
0x705e9f6324:libc.so!nice
0x705ea09840:libc.so!warn
0x705ea0fe94:libc.so!open_memstream
0x705ea19810:libc.so!gmtime_r
0x705e9a4a50:libc.so!isinfl
0x705e9a4b14:libc.so!isnormall
0x705ea259bc:libc.so!fileno
0x705ea2ebc4:libc.so!pthread_attr_setschedparam
0x705e98710c:libc.so!mallinfo
0x705e9b56f8:libc.so!signal
0x705e995480:libc.so!strnlen
0x705e9b4204:libc.so!sem_timedwait_monotonic_np
0x705ea3ff48:libc.so!__p_type_syms
0x705e9fea74:libc.so!rand_r
0x705ea17e50:libc.so!settimeofday
0x705e9bc100:libc.so!__system_property_area_init_new
0x705ea455b0:libc.so!__realloc_hook
0x705e9b830c:libc.so!strtoul_l
0x705e9b8310:libc.so!strtoull_l
0x705e9c2884:libc.so!iswxdigit
0x705ea443cc:libc.so!opterr
0x705ea25d34:libc.so!ferror_unlocked
0x705ea2ba98:libc.so!__fwriting
0x705e9ab2b4:libc.so!inotify_init
0x705e9ba70c:libc.so!futimes
0x705ea0d62c:libc.so!__res_randomid
0x705ea451f8:libc.so!optarg
0x705ea2a760:libc.so!fread
0x705e9c3a58:libc.so!wctrans
0x705ea17130:libc.so!setuid
0x705ea186b0:libc.so!epoll_ctl
0x705e9b1940:libc.so!pwritev64v2
0x705e9b872c:libc.so!strsignal
0x705e9be9a8:libc.so!cfgetispeed
0x705e9beff8:libc.so!cnd_broadcast
0x705e9c5bec:libc.so!ns_get16
0x705e9b5030:libc.so!sigemptyset64
0x705e9d88bc:libc.so!getservbyname
0x705ea18650:libc.so!splice
0x705ea17370:libc.so!prctl
0x705e9e45a0:libc.so!__memrchr_chk
0x705ea313fc:libc.so!pthread_gettid_np
0x705e9ba1c4:libc.so!fstatvfs
0x705ea33e78:libc.so!pthread_rwlockattr_destroy
0x705e997f60:libc.so!sigsetjmp
0x705e9ae258:libc.so!endprotoent
0x705e9c3cd8:libc.so!wcwidth
0x705e9e4878:libc.so!__read_chk
0x705e9a4908:libc.so!isfinite
0x705e9b8274:libc.so!strtol_l
0x705e9e6658:libc.so!hdestroy_r
0x705ea170f0:libc.so!setsid
0x705e9e4444:libc.so!__fwrite_chk
0x705ea2eba4:libc.so!pthread_attr_setschedpolicy
0x705ea346b8:libc.so!pthread_rwlock_timedrdlock_monotonic_np
0x705e9b9bd4:libc.so!shmat
0x705e9d57a0:libc.so!gethostbyname2_r
0x705ea08440:libc.so!fnmatch
0x705ea2bb68:libc.so!_flushlbf
0x705e9e4668:libc.so!__ppoll_chk
0x705ea263fc:libc.so!fsetpos64
0x705e9871fc:libc.so!malloc_info
0x705ea16fb0:libc.so!getgid
0x705e9b7cdc:libc.so!posix_spawn_file_actions_adddup2
0x705e9e8d18:libc.so!wcscmp
0x705e987b6c:libc.so!aligned_alloc
0x705e9bbd00:libc.so!__system_property_read_callback
0x705ef96a30:libc.so!error_message_count
0x705e9ac3e4:libc.so!freelocale
0x705e9e9a08:libc.so!wmemcmp
0x705e9ad010:libc.so!mempcpy
0x705e9bfa28:libc.so!thrd_exit
0x705ea0c8fc:libc.so!inet_netof
0x705ea14118:libc.so!twalk
0x705ea455b8:libc.so!__free_hook
0x705e9c22e8:libc.so!wcstod
0x705ea1483c:libc.so!strtok_r
0x705e9a48fc:libc.so!__isnanf
0x705e9d5a18:libc.so!gethostbyaddr_r
0x705e9ffa34:libc.so!stpncpy
0x705ea223a4:libc.so!ether_aton
0x705ea29d78:libc.so!vscanf
0x705ea3b798:libc.so!_Unwind_GetCFA
0x705e96a830:libc.so!in6addr_loopback
0x705e9c1ddc:libc.so!wcstof
0x705e9c5c80:libc.so!ns_put32
0x705ea17890:libc.so!syncfs
0x705e99e960:libc.so!_tolower
0x705e9d232c:libc.so!getaddrinfo
0x705e9d6600:libc.so!android_gethostbyaddrfornetcontext
0x705ea17c30:libc.so!fstat64
0x705e99ef30:libc.so!readdir64
0x705e9ae810:libc.so!openat64
0x705e9c3aa8:libc.so!wctrans_l
0x705e9e64d0:libc.so!hcreate_r
0x705ea17150:libc.so!setreuid
0x705e99dc18:libc.so!sbrk
0x705e99e97c:libc.so!_toupper
0x705e9b29c4:libc.so!readlink
0x705ea12170:libc.so!abs
0x705e9a4a90:libc.so!__isnanl
0x705e9e98a0:libc.so!wcstok
0x705ea34750:libc.so!pthread_rwlock_clockrdlock
0x705e99e9ac:libc.so!isalnum_l
0x705e9a1bbc:libc.so!backtrace_symbols
0x705ea0fd4c:libc.so!mkstemps
0x705ea0a480:libc.so!wcstol
0x705e9a5738:libc.so!getentropy
0x705e9b81e4:libc.so!strtof_l
0x705e9beb68:libc.so!tcdrain
0x705ea18870:libc.so!setfsgid
0x705ea34e5c:libc.so!pthread_rwlock_timedwrlock
0x705ea179b0:libc.so!fchownat
0x705e9b75ec:libc.so!posix_spawnattr_setpgroup
0x705e9e6308:libc.so!hsearch
0x705ea12884:libc.so!lsearch
0x705ea13d34:libc.so!tsearch
0x705ea143ec:libc.so!strcasestr
0x705ea222c8:libc.so!ether_aton_r
0x705ea17b90:libc.so!mmap
0x705ef98000:libc.so!__progname
0x705e9b7a40:libc.so!posix_spawn_file_actions_destroy
0x705e9de8d8:libc.so!__p_fqnname
0x705e9f680c:libc.so!inet_nsap_addr
0x705ea33e68:libc.so!pthread_rwlockattr_init
0x705e99e884:libc.so!isblank
0x705e9b99e4:libc.so!semctl
0x705ea2e794:libc.so!__register_atfork
0x705e9bbe54:libc.so!__system_property_update
0x705e9e4488:libc.so!__getcwd_chk
0x705e9e5344:libc.so!ldexp
0x705e9e8e48:libc.so!wcscspn
0x705ea3268c:libc.so!pthread_mutex_lock
0x705e99eab8:libc.so!toupper_l
0x705ea3f8e8:libc.so!sys_signame
0x705ea18790:libc.so!inotify_rm_watch
0x705e9b8154:libc.so!strtod_l
0x705ea31e8c:libc.so!pthread_key_create
0x705ea172d0:libc.so!prlimit64
0x705ea17c70:libc.so!mount
0x705ea28d2c:libc.so!putchar_unlocked
0x705ea08218:libc.so!daemon
0x705ea175f0:libc.so!madvise
0x705e9ba848:libc.so!get_nprocs_conf
0x705e99c7fc:libc.so!inet_network
0x705ea17470:libc.so!pwrite64
0x705e9bc054:libc.so!__system_property_foreach
0x705e9c05e0:libc.so!pututline
0x705ea26870:libc.so!fgetpos64
0x705ea33934:libc.so!pthread_mutex_destroy
0x705e9b1a10:libc.so!ptrace
0x705e9c2738:libc.so!iswblank
0x705e9fffe4:libc.so!strncpy
0x705e9b9b84:libc.so!semop
0x705e9c1828:libc.so!wcscasecmp_l
0x705e9c24cc:libc.so!wcstold
0x705ea267d0:libc.so!fgetpos
0x705ea2a41c:libc.so!fflush_unlocked
0x705e9a6d04:libc.so!getlogin
0x705e9ae254:libc.so!endnetent
0x705e9ba0a4:libc.so!statvfs64
0x705e9bfa24:libc.so!thrd_equal
0x705e9c443c:libc.so!ns_name_pton
0x705ea11550:libc.so!vdprintf
0x705e988180:libc.so!malloc_enable
0x705e9c0724:libc.so!mbrtowc
0x705e9c12c0:libc.so!wcsnrtombs
0x705ea187f0:libc.so!process_vm_readv
0x705ea324f8:libc.so!pthread_mutexattr_getprotocol
0x705e9e16a0:libc.so!__res_hostalias
0x705e9c1a24:libc.so!wcsxfrm_l
0x705e9e44f8:libc.so!__memmove_chk
0x705ea080f4:libc.so!alarm
0x705ea274f4:libc.so!fgets_unlocked
0x705e9a4020:libc.so!close
0x705e9a7b9c:libc.so!getgrnam_r
0x705e9b4d28:libc.so!sigaddset64
0x705e9beda0:libc.so!tcsetattr
0x705e9becf4:libc.so!tcgetattr
0x705e9ea8b4:libc.so!globfree
0x705ea261e4:libc.so!fseek
0x705ea27d84:libc.so!fputs_unlocked
0x705ea33690:libc.so!pthread_mutex_clocklock
0x705ea17430:libc.so!write
0x705e99ea68:libc.so!isspace_l
0x705e9b0a4c:libc.so!posix_fallocate64
0x705e9dcfb4:libc.so!_getshort
0x705ea24134:libc.so!fopen
0x705e99ea2c:libc.so!islower_l
0x705ea17a10:libc.so!mkdirat
0x705e9bf3e0:libc.so!mtx_init
0x705ea0a9f0:libc.so!wcstoll
0x705ea17110:libc.so!setgid
0x705ea28568:libc.so!fwscanf
0x705e9b8d98:libc.so!strtoull
0x705e9e4bb4:libc.so!__strchr_chk
0x705e9c4b18:libc.so!ns_name_unpack
0x705ea179d0:libc.so!fstatat
0x705e9b7850:libc.so!posix_spawnattr_getsigdefault64
0x705ea17a50:libc.so!readlinkat
0x705e9f67a4:libc.so!psiginfo
0x705ea2bb80:libc.so!__fsetlocking
0x705e99f698:libc.so!alphasort64
0x705ea17170:libc.so!setresuid
0x705e9b9234:libc.so!epoll_create1
0x705e9bf97c:libc.so!thrd_current
0x705e9e4bf8:libc.so!__strlcat_chk
0x705e9a75ec:libc.so!getgrgid
0x705e9aa7dc:libc.so!getifaddrs
0x705e9bfd00:libc.so!timespec_get
0x705ea172b0:libc.so!setrlimit
0x705e9bc7ec:libc.so!__system_property_set
0x705e9c18b8:libc.so!wcsncasecmp_l
0x705ea278d8:libc.so!fputc
0x705ea17e70:libc.so!times
0x705ea18630:libc.so!tee
0x705ea106bc:libc.so!setvbuf
0x705e9982f0:libc.so!vfork
0x705e99e33c:libc.so!clock_nanosleep
0x705e9b3a34:libc.so!scandir
0x705e9bfc18:libc.so!tss_delete
0x705ea24608:libc.so!fdopen
0x705e9c5770:libc.so!ns_name_compress
0x705e9d61ec:libc.so!gethostbyname2
0x705ea22604:libc.so!initgroups
0x705ea3b538:libc.so!_Unwind_SetIP
0x705ea092d8:libc.so!setprogname
0x705ea3f6e0:libc.so!sys_siglist
0x705ea310d8:libc.so!pthread_exit
0x705e9e0354:libc.so!__res_ninit
0x705e9c67a0:libc.so!ns_sprintrrf
0x705e9e1a98:libc.so!__res_queriesmatch
0x705ea17450:libc.so!pread64
0x705e9e8a88:libc.so!wcpcpy
0x705e9e9578:libc.so!wcsnlen
0x705ea184b0:libc.so!unshare
0x705e9b9c80:libc.so!shmctl
0x705e9ba3b4:libc.so!lutimes
0x705e9bbe7c:libc.so!__system_property_add
0x705e9a014c:libc.so!eventfd
0x705ea11838:libc.so!vsscanf
0x705e987708:libc.so!malloc_usable_size
0x705e9a6c64:libc.so!getgrouplist
0x705e9b98cc:libc.so!msgctl
0x705e9bea78:libc.so!cfsetspeed
0x705e9c1210:libc.so!wcrtomb
0x705e9c4d74:libc.so!ns_name_pack
0x705ea12820:libc.so!ldiv
0x705ea16f70:libc.so!execve
0x705e9b4ee4:libc.so!sigdelset
0x705ea25c00:libc.so!feof_unlocked
0x705e9bfca0:libc.so!tss_set
0x705e9c2ba4:libc.so!iswcntrl_l
0x705e9f5f58:libc.so!setstate
0x705e9c0700:libc.so!waitid
0x705e9e9698:libc.so!wcsspn
0x705e9e3b5c:libc.so!__get_h_errno
0x705ea18430:libc.so!sched_get_priority_min
Export enumeration completed.
0x704d48bc48:libm.so!ccosl
0x704d492d74:libm.so!floorl
0x704d4771b8:libm.so!acoshf
0x704d47851c:libm.so!coshf
0x704d481488:libm.so!cexp
0x704d492240:libm.so!cosl
0x704d488a6c:libm.so!nearbyintl
0x704d49f98c:libm.so!log2
0x704d478dd0:libm.so!gamma_r
0x704d48c8cc:libm.so!fesetenv
0x704d491198:libm.so!ceill
0x704d473014:libm.so!tgamma
0x704d475424:libm.so!catan
0x704d489880:libm.so!scalbnf
0x704d480758:libm.so!cargf
0x704d483fc8:libm.so!cprojl
0x704d4849bc:libm.so!csinf
0x704d4801b0:libm.so!atan
0x704d48f194:libm.so!atan2l
0x704d4a0d14:libm.so!sinf
0x704d478140:libm.so!atanhf
0x704d47bee0:libm.so!jnf
0x704d47c62c:libm.so!lgammaf
0x704d481a3c:libm.so!clog
0x704d4840d4:libm.so!csinh
0x704d48b798:libm.so!tanhf
0x704d49bc34:libm.so!erfcl
0x704d4a4474:libm.so!signgam
0x704d47de34:libm.so!remainder
0x704d47e5f0:libm.so!sinh
0x704d48c85c:libm.so!rint
0x704d491c90:libm.so!coshl
0x704d48ccb0:libm.so!lrint
0x704d48ec20:libm.so!acoshl
0x704d475e74:libm.so!cacosf
0x704d480828:libm.so!cargl
0x704d4873b0:libm.so!fdim
0x704d49574c:libm.so!scalbnl
0x704d4899f0:libm.so!significandf
0x704d48c2a4:libm.so!csinl
0x704d48ccc0:libm.so!llrintf
0x704d4a0a10:libm.so!sincosf
0x704d47c3dc:libm.so!ynf
0x704d49692c:libm.so!sinl
0x704d483d5c:libm.so!cproj
0x704d48c86c:libm.so!round
0x704d4884c0:libm.so!modff
0x704d48c874:libm.so!truncf
0x704d474b6c:libm.so!cacosh
0x704d487724:libm.so!frexpf
0x704d48f5c0:libm.so!atanhl
0x704d48ff84:libm.so!lgammal
0x704d496f4c:libm.so!tanhl
0x704d49f324:libm.so!exp2
0x704d49f110:libm.so!exp
0x704d485f78:libm.so!erfc
0x704d4881f8:libm.so!logbf
0x704d48bb14:libm.so!dremf
0x704d48c82c:libm.so!fma
0x704d48c84c:libm.so!fmin
0x704d486cf8:libm.so!expm1
0x704d47e854:libm.so!sinhf
0x704d47ffdc:libm.so!asinhf
0x704d48109c:libm.so!ccos
0x704d48ba08:libm.so!cabsf
0x704d4864e8:libm.so!erff
0x704d48c79c:libm.so!significandl
0x704d48caf8:libm.so!feupdateenv
0x704d48d7c8:libm.so!cacosl
0x704d494694:libm.so!llrintl
0x704d49f75c:libm.so!log
0x704d4895cc:libm.so!scalbln
0x704d4940e4:libm.so!modfl
0x704d49597c:libm.so!sincosl
0x704d497bec:libm.so!truncl
0x704d480a90:libm.so!cbrtf
0x704d485a70:libm.so!erf
0x704d4943b4:libm.so!frexpl
0x704d475d5c:libm.so!casinf
0x704d479b84:libm.so!j0f
0x704d482748:libm.so!conjf
0x704d4819f8:libm.so!cimagf
0x704d48044c:libm.so!atanf
0x704d4808f4:libm.so!cbrt
0x704d48c890:libm.so!__signbitf
0x704d494780:libm.so!logbl
0x704d473d28:libm.so!casinh
0x704d496578:libm.so!sinhl
0x704d49068c:libm.so!asinhl
0x704d477f7c:libm.so!atanh
0x704d47c598:libm.so!lgamma
0x704d48badc:libm.so!cabsl
0x704d48c990:libm.so!fegetexceptflag
0x704d49af50:libm.so!erfl
0x704d487de0:libm.so!log1pf
0x704d47e084:libm.so!remainderf
0x704d487538:libm.so!finite
0x704d494e64:libm.so!nexttowardf
0x704d47a120:libm.so!y0f
0x704d490ec4:libm.so!cbrtl
0x704d482804:libm.so!conjl
0x704d48d6dc:libm.so!casinl
0x704d4878a0:libm.so!ilogb
0x704d4828e0:libm.so!cos
0x704d481a00:libm.so!cimagl
0x704d48c824:libm.so!fmaf
0x704d48c89c:libm.so!__signbitl
0x704d4908d8:libm.so!atanl
0x704d484064:libm.so!crealf
0x704d48cce0:libm.so!sqrtf
0x704d48a30c:libm.so!sincos
0x704d4855f4:libm.so!ctan
0x704d478d34:libm.so!gammaf_r
0x704d487a10:libm.so!llroundf
0x704d48c834:libm.so!fmaxf
0x704d49dc58:libm.so!log1pl
0x704d490024:libm.so!remainderl
0x704d494a5c:libm.so!nexttowardl
0x704d48c884:libm.so!__signbit
0x704d4744f0:libm.so!casin
0x704d4772f8:libm.so!asin
0x704d48ccc0:libm.so!lrintf
0x704d493010:libm.so!fmal
0x704d494c64:libm.so!nexttoward
0x704d48409c:libm.so!creall
0x704d4810e0:libm.so!ccoshf
0x704d48b91c:libm.so!tgammaf
0x704d48c844:libm.so!fminf
0x704d490104:libm.so!sqrtl
0x704d489948:libm.so!significand
0x704d48b938:libm.so!cabs
0x704d493fa4:libm.so!fmaxl
0x704d49471c:libm.so!llroundl
0x704d47e404:libm.so!scalbf
0x704d485958:libm.so!ctanf
0x704d48876c:libm.so!nan
0x704d488830:libm.so!nearbyint
0x704d478d28:libm.so!gammaf
0x704d48570c:libm.so!ctanhf
0x704d48b1c0:libm.so!tanf
0x704d488368:libm.so!modf
0x704d488d5c:libm.so!remquo
0x704d478d1c:libm.so!gamma
0x704d4851e4:libm.so!ctanh
0x704d48adec:libm.so!tan
0x704d4882b8:libm.so!lroundf
0x704d48cc74:libm.so!fegetexcept
0x704d49488c:libm.so!lrintl
0x704d49f4d0:libm.so!exp2f
0x704d477824:libm.so!atan2
0x704d4828cc:libm.so!copysignf
0x704d48c8b0:libm.so!fegetenv
0x704d48b640:libm.so!tanh
0x704d48bb18:libm.so!ccoshl
0x704d48c7c4:libm.so!tgammal
0x704d494044:libm.so!fminl
0x704d487a98:libm.so!log1p
0x704d48c7e4:libm.so!fabsf
0x704d478dd4:libm.so!hypot
0x704d47dc60:libm.so!log10f
0x704d484060:libm.so!creal
0x704d47c638:libm.so!lgammaf_r
0x704d4887d0:libm.so!nanf
0x704d48c4c4:libm.so!ctanl
0x704d487410:libm.so!fdimf
0x704d48c350:libm.so!ctanhl
0x704d48c9b0:libm.so!fesetexceptflag
0x704d4976f0:libm.so!tanl
0x704d4897b0:libm.so!scalbn
0x704d487550:libm.so!finitef
0x704d487984:libm.so!llround
0x704d48c83c:libm.so!fmax
0x704d497dc4:libm.so!lgammal_r
0x704d4949c4:libm.so!lroundl
0x704d49cabc:libm.so!exp2l
0x704d476354:libm.so!cacoshf
0x704d491c70:libm.so!copysignl
0x704d48c7ec:libm.so!fabsl
0x704d4845e8:libm.so!csinhf
0x704d47da30:libm.so!log10
0x704d48366c:libm.so!cpow
0x704d49e494:libm.so!log10l
0x704d487568:libm.so!frexp
0x704d48c854:libm.so!rintf
0x704d48268c:libm.so!conj
0x704d48cc38:libm.so!fedisableexcept
0x704d49ed8c:libm.so!nanl
0x704d4764e0:libm.so!catanhf
0x704d47e268:libm.so!scalb
0x704d487470:libm.so!fdiml
0x704d476d34:libm.so!acosf
0x704d48813c:libm.so!logb
0x704d488ae0:libm.so!nextafter
0x704d488c4c:libm.so!nextafterf
0x704d48bb10:libm.so!drem
0x704d4828b8:libm.so!copysign
0x704d476918:libm.so!catanf
0x704d48de28:libm.so!cacoshl
0x704d477078:libm.so!acosh
0x704d47ae24:libm.so!j1f
0x704d47bcd0:libm.so!yn
0x704d48961c:libm.so!scalblnf
0x704d48c210:libm.so!csinhl
0x704d474d2c:libm.so!catanh
0x704d482168:libm.so!clogf
0x704d49fcd0:libm.so!logf
0x704d47b8ec:libm.so!jn
0x704d480688:libm.so!carg
0x704d4844d4:libm.so!csin
0x704d495480:libm.so!rintl
0x704d48ca18:libm.so!fesetround
0x704d48ca38:libm.so!feholdexcept
0x704d489880:libm.so!ldexpf
0x704d48df54:libm.so!catanhl
0x704d4790c0:libm.so!hypotf
0x704d47d050:libm.so!lgamma_r
0x704d48cbfc:libm.so!feenableexcept
0x704d48e66c:libm.so!acosl
0x704d494a5c:libm.so!nextafterl
0x704d47b3d4:libm.so!y1f
0x704d48374c:libm.so!cpowf
0x704d4892f4:libm.so!remquof
0x704d48e618:libm.so!catanl
0x704d475538:libm.so!casinhf
0x704d49fefc:libm.so!pow
0x704d4a05c4:libm.so!powf
0x704d484ad4:libm.so!csqrt
0x704d484e6c:libm.so!csqrtf
0x704d487928:libm.so!ilogbf
0x704d4896cc:libm.so!scalblnl
0x704d4819bc:libm.so!cimag
0x704d48ccd0:libm.so!sqrt
0x704d477634:libm.so!asinf
0x704d487048:libm.so!expm1f
0x704d48c87c:libm.so!trunc
0x704d491428:libm.so!clogl
0x704d478728:libm.so!fmod
0x704d478af8:libm.so!fmodf
0x704d49e0b4:libm.so!logl
0x704d48c864:libm.so!roundf
0x704d479758:libm.so!y0
0x704d47febc:libm.so!asinh
0x704d49574c:libm.so!ldexpl
0x704d47a9f8:libm.so!y1
0x704d48fab8:libm.so!hypotl
0x704d47455c:libm.so!cacos
0x704d47932c:libm.so!j0
0x704d4816ec:libm.so!cexpf
0x704d483a54:libm.so!cpowl
0x704d48ccb0:libm.so!llrint
0x704d494fcc:libm.so!remquol
0x704d49fbf0:libm.so!log2f
0x704d476984:libm.so!acos
0x704d49f5f4:libm.so!expf
0x704d47a630:libm.so!j1
0x704d4992ec:libm.so!powl
0x704d4945e8:libm.so!ilogbl
0x704d48cce8:libm.so!casinhl
0x704d4929c4:libm.so!csqrtl
0x704d489a1c:libm.so!sin
0x704d48c974:libm.so!feclearexcept
0x704d48c9dc:libm.so!feraiseexcept
0x704d48ee1c:libm.so!asinl
0x704d49d2f8:libm.so!expm1l
0x704d481444:libm.so!ccosf
0x704d4882a0:libm.so!lround
0x704d48c814:libm.so!floorf
0x704d468ccc:libm.so!__fe_dfl_env
0x704d48f7fc:libm.so!fmodl
0x704d495578:libm.so!roundl
0x704d49edf0:libm.so!cosf
0x704d4888a4:libm.so!nearbyintf
0x704d48c7dc:libm.so!fabs
0x704d480bb0:libm.so!ccosh
0x704d48c804:libm.so!ceilf
0x704d478314:libm.so!cosh
0x704d48c81c:libm.so!floor
0x704d483e48:libm.so!cprojf
0x704d48c0f4:libm.so!cexpl
0x704d48ca0c:libm.so!fegetround
0x704d49e910:libm.so!log2l
0x704d477be0:libm.so!atan2f
0x704d49cefc:libm.so!expl
0x704d48c9f8:libm.so!fetestexcept
0x704d48c80c:libm.so!ceil
0x704d48691c:libm.so!erfcf
Export enumeration completed.
0x706bc7b12c:libdl.so!dlsym
0x706bc7b1d4:libdl.so!dlvsym
0x706bc7b280:libdl.so!dlclose
0x706bc7b2c4:libdl.so!android_get_application_target_sdk_version
0x706bc7b000:libdl.so!android_get_LD_LIBRARY_PATH
0x706bc7b014:libdl.so!dlopen
0x706bc7b0bc:libdl.so!dlerror
0x706bc7b294:libdl.so!dl_iterate_phdr
0x706bc7b1f0:libdl.so!dladdr
0x706bc7b2a8:libdl.so!android_dlopen_ext
0x706bc7b334:libdl.so!__cfi_init
0x706bc7b34c:libdl.so!__cfi_shadow_size
0x706bc7b364:libdl.so!__cfi_slowpath
0x706bc7b3cc:libdl.so!__cfi_slowpath_diag
Export enumeration completed.
0x705e6e8950:libz.so!gzclose_w
0x705e6e6654:libz.so!gzdopen
0x705e6e6b2c:libz.so!gzseek
0x705e6ed1a4:libz.so!inflateValidate
0x705e6e22c8:libz.so!deflateEnd
0x705e6e50f0:libz.so!deflateCopy
0x705e6e6b78:libz.so!gztell
0x705e6e6c3c:libz.so!gzoffset
0x705e6e7710:libz.so!gzdirect
0x705e6e6328:libz.so!gzclose
0x705e6e6d40:libz.so!gzclearerr
0x705e6ea944:libz.so!inflate
0x705e6e23d8:libz.so!deflateReset
0x705e6e6b30:libz.so!gztell64
0x705e6e70c4:libz.so!gzgetc
0x705e6e6cdc:libz.so!gzerror
0x705e6e6da0:libz.so!gzread
0x705e6e8ac0:libz.so!inflateBackInit_
0x705e6ef954:libz.so!uncompress2
0x705e6ecc84:libz.so!inflateGetHeader
0x705e6ed150:libz.so!inflateUndermine
0x705e6e3030:libz.so!deflate
0x705e6e725c:libz.so!gzungetc
0x705e6e87d8:libz.so!gzsetparams
0x705e6ecaa0:libz.so!inflateGetDictionary
0x705e6efb70:libz.so!zlibVersion
0x705e6e1508:libz.so!compress2
0x705e6e1650:libz.so!compress
0x705e6e2c04:libz.so!deflateSetHeader
0x705e6e67e0:libz.so!gzrewind
0x705e6e8178:libz.so!gzvprintf
0x705e6e8bd0:libz.so!inflateBack
0x705e6ea89c:libz.so!inflateInit_
0x705e6ed204:libz.so!inflateMark
0x705e6efb84:libz.so!zError
0x705e6e1afc:libz.so!crc32
0x705e6e2af4:libz.so!deflateResetKeep
0x705e6e2a04:libz.so!deflateGetDictionary
0x705e6e80f8:libz.so!gzputs
0x705e6e9d00:libz.so!inflateBackEnd
0x705e6e1800:libz.so!crc32_z
0x705e6e1f78:libz.so!deflateInit2_
0x705e6e2c8c:libz.so!deflatePending
0x705e6ea6d4:libz.so!inflateInit2_
0x705e6e863c:libz.so!gzprintf
0x705e6e6788:libz.so!gzbuffer
0x705e6efb7c:libz.so!zlibCompileFlags
0x705e6e1798:libz.so!compressBound
0x705e6e6bc0:libz.so!gzoffset64
0x705e6ed290:libz.so!inflateCodesUsed
0x705e6e24a4:libz.so!deflateSetDictionary
0x705e6e7030:libz.so!gzfread
0x705e6eca0c:libz.so!inflateEnd
0x705e6e7c80:libz.so!gzwrite
0x705e6ea8ac:libz.so!inflatePrime
0x705e6e1378:libz.so!adler32
0x705e6e3eb8:libz.so!deflateTune
0x705e6dcece:libz.so!deflate_copyright
0x705e6e634c:libz.so!gzopen
0x705e6e6648:libz.so!gzopen64
0x705e6e6894:libz.so!gzseek64
0x705e6e7f68:libz.so!gzputc
0x705e6ecb74:libz.so!inflateSetDictionary
0x705e6e1014:libz.so!adler32_z
0x705e6e1f5c:libz.so!deflateInit_
0x705e6e1380:libz.so!adler32_combine
0x705e6e1b54:libz.so!crc32_combine
0x705e6f1108:libz.so!z_errmsg
0x705e6e6cb8:libz.so!gzeof
0x705e6e86d8:libz.so!gzflush
0x705e6ea478:libz.so!inflateResetKeep
0x705e6e79ec:libz.so!gzclose_r
0x705e6ea51c:libz.so!inflateReset
0x705e6e2e60:libz.so!deflateParams
0x705e6e7190:libz.so!gzgetc_
0x705e6de0fe:libz.so!inflate_copyright
0x705e6efb24:libz.so!uncompress
0x705e6e73ec:libz.so!gzgets
0x705e6e7ed0:libz.so!gzfwrite
0x705e6ea600:libz.so!inflateReset2
0x705e6e1444:libz.so!adler32_combine64
0x705e6e1e78:libz.so!crc32_combine64
0x705e6e3f44:libz.so!deflateBound
0x705e6e17f4:libz.so!get_crc_table
0x705e6e2d2c:libz.so!deflatePrime
0x705e6ecce0:libz.so!inflateSync
0x705e6ecf2c:libz.so!inflateSyncPoint
0x705e6ecf94:libz.so!inflateCopy
Export enumeration completed.
0x6da9523638:libandroid.so!AConfiguration_fromAssetManager
0x6da9523b2c:libandroid.so!AMotionEvent_getY
0x6da9523c80:libandroid.so!AMotionEvent_getHistoricalX
0x6da9523ca0:libandroid.so!AMotionEvent_getHistoricalY
0x6da952bd1c:libandroid.so!AFont_getLocale
0x6da9523994:libandroid.so!AKeyEvent_getRepeatCount
0x6da95279b8:libandroid.so!ASurfaceControl_acquire
0x6da9523730:libandroid.so!AConfiguration_getNavigation
0x6da9523738:libandroid.so!AConfiguration_getKeysHidden
0x6da9523848:libandroid.so!AConfiguration_setScreenSize
0x6da95246a8:libandroid.so!android_untag_socket
0x6da9524748:libandroid.so!AObbInfo_getPackageName
0x6da9525eb4:libandroid.so!ASensor_getResolution
0x6da95233b8:libandroid.so!AAsset_close
0x6da952377c:libandroid.so!AConfiguration_getUiModeType
0x6da95237dc:libandroid.so!AConfiguration_setCountry
0x6da9523a98:libandroid.so!AMotionEvent_getXPrecision
0x6da9523770:libandroid.so!AConfiguration_getScreenRound
0x6da9523b80:libandroid.so!AMotionEvent_getTouchMajor
0x6da9528ec8:libandroid.so!ASurfaceTransaction_setBufferAlpha
0x6da9523d00:libandroid.so!AMotionEvent_getHistoricalTouchMajor
0x6da9523e64:libandroid.so!AInputQueue_attachLooper
0x6da95247d8:libandroid.so!APermissionManager_checkPermission
0x6da952654c:libandroid.so!AStorageManager_new
0x6da9523b48:libandroid.so!AMotionEvent_getPressure
0x6da95250ac:libandroid.so!APerformanceHint_getPreferredUpdateRateNanos
0x6da95259c8:libandroid.so!ASensorManager_destroyDirectChannel
0x6da9525b94:libandroid.so!ASensorEventQueue_disableSensor
0x6da9527d58:libandroid.so!ASurfaceTransactionStats_getASurfaceControls
0x6da9522688:libandroid.so!AActivityManager_addUidImportanceListener
0x6da95237f8:libandroid.so!AConfiguration_setTouchscreen
0x6da952542c:libandroid.so!ASensorManager_getDefaultSensorEx
0x6da9526120:libandroid.so!ASharedMemory_create
0x6da952d1c8:libandroid.so!ATrace_beginAsyncSection
0x6da952f0ac:libandroid.so!ANativeWindow_release
0x6da9523750:libandroid.so!AConfiguration_getSdkVersion
0x6da95239a4:libandroid.so!AKeyEvent_fromJava
0x6da9523aa0:libandroid.so!AMotionEvent_getYPrecision
0x6da95242b4:libandroid.so!ANativeActivity_setWindowFlags
0x6da95242c4:libandroid.so!ANativeWindow_fromSurface
0x6da9527be8:libandroid.so!ASurfaceControlStats_getAcquireTime
0x6da9527c54:libandroid.so!ASurfaceTransaction_create
0x6da9527e10:libandroid.so!ASurfaceTransactionStats_getAcquireTime
0x6da952a60c:libandroid.so!ASurfaceTexture_acquireANativeWindow
0x6da952ad28:libandroid.so!AFontMatcher_setLocales
0x6da952bd74:libandroid.so!AFont_getCollectionIndex
0x6da952a634:libandroid.so!ASurfaceTexture_detachFromGLContext
0x6da95237f0:libandroid.so!AConfiguration_setOrientation
0x6da9523a54:libandroid.so!AMotionEvent_getDownTime
0x6da9523ef4:libandroid.so!AInputQueue_finishEvent
0x6da952ae24:libandroid.so!AFontMatcher_match
0x6da95253e8:libandroid.so!ASensorManager_getDefaultSensor
0x6da9529670:libandroid.so!ASurfaceTransaction_setOnCommit
0x6da952bce8:libandroid.so!AFont_isItalic
0x6da95236e0:libandroid.so!AConfiguration_getMnc
0x6da9523a44:libandroid.so!AMotionEvent_getButtonState
0x6da9523dc4:libandroid.so!AMotionEvent_fromJava
0x6da95240cc:libandroid.so!ALooper_release
0x6da952466c:libandroid.so!android_res_nresult
0x6da9524670:libandroid.so!android_res_nsend
0x6da952efbc:libandroid.so!AHardwareBuffer_getId
0x6da9523e68:libandroid.so!AInputQueue_detachLooper
0x6da952dadc:libandroid.so!AThermal_unregisterThermalStatusListener
0x6da9523858:libandroid.so!AConfiguration_setScreenLong
0x6da9523898:libandroid.so!AConfiguration_setScreenWidthDp
0x6da9525850:libandroid.so!ASensorManager_createSharedMemoryDirectChannel
0x6da952dac8:libandroid.so!AThermal_registerThermalStatusListener
0x6da95235b8:libandroid.so!AChoreographerFrameCallbackData_getPreferredFrameTimelineIndex
0x6da95242b0:libandroid.so!ANativeActivity_setWindowFormat
0x6da9525f84:libandroid.so!ASensor_getFifoReservedEventCount
0x6da9523358:libandroid.so!AAsset_read
0x6da952e464:libandroid.so!AHardwareBuffer_describe
0x6da9523560:libandroid.so!AChoreographer_getInstance
0x6da952da14:libandroid.so!AThermal_releaseManager
0x6da952da00:libandroid.so!AThermal_acquireManager
0x6da9523a5c:libandroid.so!AMotionEvent_getEventTime
0x6da9523e6c:libandroid.so!AInputQueue_hasEvents
0x6da952d204:libandroid.so!ATrace_endAsyncSection
0x6da9522fe0:libandroid.so!AAssetManager_open
0x6da9523584:libandroid.so!AChoreographer_postVsyncCallback
0x6da95227fc:libandroid.so!AActivityManager_removeUidImportanceListener
0x6da95237c0:libandroid.so!AConfiguration_setMnc
0x6da952433c:libandroid.so!ANativeWindow_toSurface
0x6da9525c74:libandroid.so!ASensorEventQueue_hasEvents
0x6da952ad10:libandroid.so!AFontMatcher_destroy
0x6da9523308:libandroid.so!AAssetDir_rewind
0x6da9523904:libandroid.so!AHardwareBuffer_fromHardwareBuffer
0x6da9523c40:libandroid.so!AMotionEvent_getHistoricalRawX
0x6da95291a0:libandroid.so!ASurfaceTransaction_setHdrMetadata_cta861_3
0x6da952959c:libandroid.so!ASurfaceTransaction_setEnableBackPressure
0x6da952399c:libandroid.so!AKeyEvent_getDownTime
0x6da9523c60:libandroid.so!AMotionEvent_getHistoricalRawY
0x6da9523db4:libandroid.so!AMotionEvent_getActionButton
0x6da9524438:libandroid.so!android_setprocnetwork
0x6da952e448:libandroid.so!AHardwareBuffer_release
0x6da9525fc8:libandroid.so!ASensor_getStringType
0x6da9526168:libandroid.so!ASharedMemory_setProt
0x6da9523bb8:libandroid.so!AMotionEvent_getToolMajor
0x6da9524280:libandroid.so!ALooper_wake
0x6da952ace8:libandroid.so!AFontMatcher_create
0x6da9523398:libandroid.so!AAsset_seek64
0x6da95236fc:libandroid.so!AConfiguration_getCountry
0x6da9528228:libandroid.so!ASurfaceTransaction_reparent
0x6da9523758:libandroid.so!AConfiguration_getScreenSize
0x6da952398c:libandroid.so!AKeyEvent_getMetaState
0x6da9527540:libandroid.so!ASurfaceControl_createFromWindow
0x6da9527b64:libandroid.so!ASurfaceControl_unregisterSurfaceStatsListener
0x6da952a648:libandroid.so!ASurfaceTexture_release
0x6da952353c:libandroid.so!AAsset_isAllocated
0x6da95235e0:libandroid.so!AChoreographerFrameCallbackData_getFrameTimelineExpectedPresentationTimeNanos
0x6da9523728:libandroid.so!AConfiguration_getKeyboard
0x6da9523ab8:libandroid.so!AMotionEvent_getPointerId
0x6da9523b9c:libandroid.so!AMotionEvent_getTouchMinor
0x6da9523c20:libandroid.so!AMotionEvent_getHistorySize
0x6da9523c34:libandroid.so!AMotionEvent_getHistoricalEventTime
0x6da952616c:libandroid.so!ASharedMemory_dupFromJava
0x6da952a664:libandroid.so!ASurfaceTexture_getTimestamp
0x6da9523d20:libandroid.so!AMotionEvent_getHistoricalTouchMinor
0x6da95294a8:libandroid.so!ASurfaceTransaction_setFrameRate
0x6da9523464:libandroid.so!AAsset_getRemainingLength
0x6da952362c:libandroid.so!AConfiguration_delete
0x6da9525108:libandroid.so!APerformanceHint_setIHintManagerForTesting
0x6da9526ae4:libandroid.so!AStorageManager_unmountObb
0x6da9527c4c:libandroid.so!ASurfaceControlStats_getFrameNumber
0x6da952ae14:libandroid.so!AFontMatcher_setFamilyVariant
0x6da952e64c:libandroid.so!AHardwareBuffer_lock
0x6da9523c0c:libandroid.so!AMotionEvent_getAxisValue
0x6da9526054:libandroid.so!ASensor_isDirectChannelTypeSupported
0x6da9527cc4:libandroid.so!ASurfaceTransactionStats_getLatchTime
0x6da9523bf0:libandroid.so!AMotionEvent_getOrientation
0x6da9527f8c:libandroid.so!ASurfaceTransactionStats_getPreviousReleaseFenceFd
0x6da9528d50:libandroid.so!ASurfaceTransaction_setDamageRegion
0x6da9528ea0:libandroid.so!ASurfaceTransaction_setDesiredPresentTime
0x6da952e758:libandroid.so!AHardwareBuffer_lockPlanes
0x6da9523788:libandroid.so!AConfiguration_getUiModeNight
0x6da9523e84:libandroid.so!AInputQueue_getEvent
0x6da952357c:libandroid.so!AChoreographer_postFrameCallback64
0x6da9523d40:libandroid.so!AMotionEvent_getHistoricalToolMajor
0x6da9525084:libandroid.so!APerformanceHint_getManager
0x6da95280fc:libandroid.so!ASurfaceTransactionStats_releaseASurfaceControls
0x6da952a620:libandroid.so!ASurfaceTexture_attachToGLContext
0x6da9522838:libandroid.so!AActivityManager_isUidActive
0x6da952bc74:libandroid.so!AFont_getFontFilePath
0x6da9523aa8:libandroid.so!AMotionEvent_getPointerCount
0x6da9523d80:libandroid.so!AMotionEvent_getHistoricalOrientation
0x6da9525764:libandroid.so!ASensorManager_destroyEventQueue
0x6da9525d34:libandroid.so!ASensorEventQueue_getEvents
0x6da9528328:libandroid.so!ASurfaceTransaction_setVisibility
0x6da9528998:libandroid.so!ASurfaceTransaction_setPosition
0x6da95228d8:libandroid.so!AActivityManager_getUidImportance
0x6da9522fb8:libandroid.so!AAssetManager_fromJava
0x6da95255c0:libandroid.so!ASensor_isWakeUpSensor
0x6da9525e6c:libandroid.so!ASensor_getVendor
0x6da95236c4:libandroid.so!AConfiguration_copy
0x6da9526130:libandroid.so!ASharedMemory_getSize
0x6da952f0b4:libandroid.so!ANativeWindow_getWidth
0x6da9523764:libandroid.so!AConfiguration_getScreenLong
0x6da9524734:libandroid.so!AObbInfo_delete
0x6da9525098:libandroid.so!APerformanceHint_createSession
0x6da95250b4:libandroid.so!APerformanceHint_updateTargetWorkDuration
0x6da95259f0:libandroid.so!ASensorManager_configureDirectReport
0x6da952bcb4:libandroid.so!AFont_getWeight
0x6da9523800:libandroid.so!AConfiguration_setDensity
0x6da9523da0:libandroid.so!AMotionEvent_getHistoricalAxisValue
0x6da9523590:libandroid.so!AChoreographerFrameCallbackData_getFrameTimeNanos
0x6da95244e8:libandroid.so!android_setprocdns
0x6da9523400:libandroid.so!AAsset_getBuffer
0x6da9523744:libandroid.so!AConfiguration_getNavHidden
0x6da95238c0:libandroid.so!AConfiguration_diff
0x6da9525264:libandroid.so!ASensorManager_getInstanceForPackage
0x6da95279c4:libandroid.so!ASurfaceControl_release
0x6da9527c80:libandroid.so!ASurfaceTransaction_delete
0x6da9528124:libandroid.so!ASurfaceTransaction_setOnComplete
0x6da952d1a8:libandroid.so!ATrace_endSection
0x6da952df6c:libandroid.so!AHardwareBuffer_allocate
0x6da952f114:libandroid.so!ANativeWindow_getHeight
0x6da9525604:libandroid.so!ASensorManager_createEventQueue
0x6da9523274:libandroid.so!AAssetDir_getNextFileName
0x6da952358c:libandroid.so!AChoreographer_unregisterRefreshRateCallback
0x6da952781c:libandroid.so!ASurfaceControl_create
0x6da952a68c:libandroid.so!ASystemFontIterator_open
0x6da952ec48:libandroid.so!AHardwareBuffer_recvHandleFromUnixSocket
0x6da95238a8:libandroid.so!AConfiguration_setSmallestScreenWidthDp
0x6da95242c0:libandroid.so!ANativeActivity_hideSoftInput
0x6da95235a4:libandroid.so!AChoreographerFrameCallbackData_getFrameTimelinesLength
0x6da95236e8:libandroid.so!AConfiguration_getLanguage
0x6da95237ac:libandroid.so!AConfiguration_getLayoutDirection
0x6da952397c:libandroid.so!AKeyEvent_getKeyCode
0x6da9523ce0:libandroid.so!AMotionEvent_getHistoricalSize
0x6da9523794:libandroid.so!AConfiguration_getScreenWidthDp
0x6da9523918:libandroid.so!AHardwareBuffer_toHardwareBuffer
0x6da9525204:libandroid.so!ASensorManager_getInstance
0x6da9525f40:libandroid.so!ASensor_getFifoMaxEventCount
0x6da95235f4:libandroid.so!AChoreographerFrameCallbackData_getFrameTimelineDeadlineNanos
0x6da9523a68:libandroid.so!AMotionEvent_getXOffset
0x6da95240c0:libandroid.so!ALooper_acquire
0x6da95250c8:libandroid.so!APerformanceHint_reportActualWorkDuration
0x6da952557c:libandroid.so!ASensor_getType
0x6da95260dc:libandroid.so!ASensor_getHandle
0x6da952daf0:libandroid.so!AThermal_getThermalHeadroom
0x6da9523424:libandroid.so!AAsset_getLength
0x6da9523ad8:libandroid.so!AMotionEvent_getRawX
0x6da9523bd4:libandroid.so!AMotionEvent_getToolMinor
0x6da952f0a4:libandroid.so!ANativeWindow_acquire
0x6da9525360:libandroid.so!ASensorManager_getDynamicSensorList
0x6da9525920:libandroid.so!ASensorManager_createHardwareBufferDirectChannel
0x6da9525b34:libandroid.so!ASensorEventQueue_enableSensor
0x6da95237a4:libandroid.so!AConfiguration_getSmallestScreenWidthDp
0x6da9523af4:libandroid.so!AMotionEvent_getRawY
0x6da9523edc:libandroid.so!AInputQueue_preDispatchEvent
0x6da952d240:libandroid.so!ATrace_setCounter
0x6da952ea24:libandroid.so!AHardwareBuffer_unlock
0x6da952f254:libandroid.so!ANativeWindow_lock
0x6da9523950:libandroid.so!AInputEvent_getSource
0x6da9525a88:libandroid.so!ASensorEventQueue_registerSensor
0x6da95279d0:libandroid.so!ASurfaceControl_registerSurfaceStatsListener
0x6da9527cf4:libandroid.so!ASurfaceTransactionStats_getPresentFenceFd
0x6da9523828:libandroid.so!AConfiguration_setNavHidden
0x6da9523a80:libandroid.so!AMotionEvent_getYOffset
0x6da952a660:libandroid.so!ASurfaceTexture_getTransformMatrix
0x6da952da40:libandroid.so!AThermal_getCurrentThermalStatus
0x6da9524000:libandroid.so!ALooper_forThread
0x6da9524698:libandroid.so!android_res_cancel
0x6da95247ac:libandroid.so!AObbInfo_getFlags
0x6da9525dd8:libandroid.so!ASensorEventQueue_requestAdditionalInfoEvents
0x6da9525e24:libandroid.so!ASensor_getName
0x6da9523578:libandroid.so!AChoreographer_postFrameCallbackDelayed
0x6da95235cc:libandroid.so!AChoreographerFrameCallbackData_getFrameTimelineVsyncId
0x6da9523818:libandroid.so!AConfiguration_setKeysHidden
0x6da9524298:libandroid.so!ALooper_removeFd
0x6da9523a3c:libandroid.so!AMotionEvent_getMetaState
0x6da9524644:libandroid.so!android_res_nquery
0x6da9523718:libandroid.so!AConfiguration_getTouchscreen
0x6da95250dc:libandroid.so!APerformanceHint_closeSession
0x6da9528c74:libandroid.so!ASurfaceTransaction_setBufferTransparency
0x6da95294b0:libandroid.so!ASurfaceTransaction_setFrameRateWithChangeStrategy
0x6da9523720:libandroid.so!AConfiguration_getDensity
0x6da9527c94:libandroid.so!ASurfaceTransaction_apply
0x6da9523808:libandroid.so!AConfiguration_setKeyboard
0x6da95238a0:libandroid.so!AConfiguration_setScreenHeightDp
0x6da9523ac8:libandroid.so!AMotionEvent_getToolType
0x6da9523d60:libandroid.so!AMotionEvent_getHistoricalToolMinor
0x6da9528b50:libandroid.so!ASurfaceTransaction_setScale
0x6da9529774:libandroid.so!ASurfaceTransaction_setFrameTimeline
0x6da952e4c0:libandroid.so!AHardwareBuffer_lockAndGetInfo
0x6da952ee58:libandroid.so!AHardwareBuffer_isSupported
0x6da952312c:libandroid.so!AAssetManager_openDir
0x6da9523710:libandroid.so!AConfiguration_getOrientation
0x6da95286dc:libandroid.so!ASurfaceTransaction_setGeometry
0x6da9528a74:libandroid.so!ASurfaceTransaction_setBufferTransform
0x6da952be50:libandroid.so!AFont_getAxisValue
0x6da9523810:libandroid.so!AConfiguration_setNavigation
0x6da9523948:libandroid.so!AInputEvent_getDeviceId
0x6da9523cc0:libandroid.so!AMotionEvent_getHistoricalPressure
0x6da9528894:libandroid.so!ASurfaceTransaction_setCrop
0x6da952ad1c:libandroid.so!AFontMatcher_setStyle
0x6da9523870:libandroid.so!AConfiguration_setUiModeType
0x6da9523974:libandroid.so!AKeyEvent_getFlags
0x6da9523dbc:libandroid.so!AMotionEvent_getClassification
0x6da95246ac:libandroid.so!AObbScanner_getObbInfo
0x6da9526c1c:libandroid.so!AStorageManager_isObbMounted
0x6da9524060:libandroid.so!ALooper_prepare
0x6da95245e8:libandroid.so!android_getaddrinfofornetwork
0x6da95252d8:libandroid.so!ASensorManager_getSensorList
0x6da9529094:libandroid.so!ASurfaceTransaction_setHdrMetadata_smpte2086
0x6da952bde4:libandroid.so!AFont_getAxisTag
0x6da95243e0:libandroid.so!android_setsocknetwork
0x6da952f174:libandroid.so!ANativeWindow_getFormat
0x6da95236d8:libandroid.so!AConfiguration_getMcc
0x6da9524540:libandroid.so!android_getprocdns
0x6da952469c:libandroid.so!android_tag_socket_with_uid
0x6da9523484:libandroid.so!AAsset_getRemainingLength64
0x6da9523a34:libandroid.so!AMotionEvent_getFlags
0x6da95246a0:libandroid.so!android_tag_socket
0x6da952bc14:libandroid.so!AFont_close
0x6da952e42c:libandroid.so!AHardwareBuffer_acquire
0x6da9523840:libandroid.so!AConfiguration_setSdkVersion
0x6da9524284:libandroid.so!ALooper_addFd
0x6da952a64c:libandroid.so!ASurfaceTexture_updateTexImage
0x6da952abdc:libandroid.so!ASystemFontIterator_close
0x6da9523608:libandroid.so!AConfiguration_new
0x6da9523880:libandroid.so!AConfiguration_setUiModeNight
0x6da95242ac:libandroid.so!ANativeActivity_finish
0x6da95292a0:libandroid.so!ASurfaceTransaction_setColor
0x6da9523310:libandroid.so!AAssetDir_close
0x6da952351c:libandroid.so!AAsset_openFileDescriptor64
0x6da952396c:libandroid.so!AKeyEvent_getAction
0x6da9523a4c:libandroid.so!AMotionEvent_getEdgeFlags
0x6da9528430:libandroid.so!ASurfaceTransaction_setZOrder
0x6da952379c:libandroid.so!AConfiguration_getScreenHeightDp
0x6da95238ec:libandroid.so!AConfiguration_isBetterThan
0x6da9523378:libandroid.so!AAsset_seek
0x6da95234a4:libandroid.so!AAsset_openFileDescriptor
0x6da9523574:libandroid.so!AChoreographer_postFrameCallback
0x6da9523588:libandroid.so!AChoreographer_registerRefreshRateCallback
0x6da95237c8:libandroid.so!AConfiguration_setLanguage
0x6da95241ac:libandroid.so!ALooper_pollAll
0x6da9526010:libandroid.so!ASensor_getReportingMode
0x6da95284fc:libandroid.so!ASurfaceTransaction_setBuffer
0x6da9523444:libandroid.so!AAsset_getLength64
0x6da9523580:libandroid.so!AChoreographer_postFrameCallbackDelayed64
0x6da95242bc:libandroid.so!ANativeActivity_showSoftInput
0x6da952b2ec:libandroid.so!ASystemFontIterator_next
0x6da95238d4:libandroid.so!AConfiguration_match
0x6da9524490:libandroid.so!android_getprocnetwork
0x6da9525bf4:libandroid.so!ASensorEventQueue_setEventRate
0x6da95237b8:libandroid.so!AConfiguration_setMcc
0x6da9523b64:libandroid.so!AMotionEvent_getSize
0x6da952d174:libandroid.so!ATrace_beginSection
0x6da95238b0:libandroid.so!AConfiguration_setLayoutDirection
0x6da9523984:libandroid.so!AKeyEvent_getScanCode
0x6da9523a24:libandroid.so!AKeyEvent_getEventTime
0x6da9523a2c:libandroid.so!AMotionEvent_getAction
0x6da95247a4:libandroid.so!AObbInfo_getVersion
0x6da952a678:libandroid.so!ASurfaceTexture_fromSurfaceTexture
0x6da952d15c:libandroid.so!ATrace_isEnabled
0x6da952f1d4:libandroid.so!ANativeWindow_setBuffersGeometry
0x6da952392c:libandroid.so!AInputEvent_getType
0x6da9523958:libandroid.so!AInputEvent_release
0x6da95240d8:libandroid.so!ALooper_pollOnce
0x6da9523f00:libandroid.so!AInputQueue_fromJava
0x6da952686c:libandroid.so!AStorageManager_delete
0x6da9526c90:libandroid.so!AStorageManager_getMountedObbPath
0x6da9526880:libandroid.so!AStorageManager_mountObb
0x6da9528fc8:libandroid.so!ASurfaceTransaction_setBufferDataSpace
0x6da952bda8:libandroid.so!AFont_getAxisCount
0x6da952f278:libandroid.so!ANativeWindow_unlockAndPost
0x6da9523b10:libandroid.so!AMotionEvent_getX
0x6da952f008:libandroid.so!AHardwareBuffer_getNativeHandle
0x6da9525efc:libandroid.so!ASensor_getMinDelay
0x6da9526098:libandroid.so!ASensor_getHighestDirectReportRateLevel
0x6da952ea64:libandroid.so!AHardwareBuffer_sendHandleToUnixSocket
Export enumeration completed.
0x6da5bd50c8:libstdc++.so!__cxa_guard_release
0x6da5bd513c:libstdc++.so!__cxa_guard_abort
0x6da5bd51c8:libstdc++.so!_Znwm
0x6da5bd5200:libstdc++.so!_Znam
0x6da5bd5238:libstdc++.so!_ZdlPv
0x6da5bd523c:libstdc++.so!_ZdaPv
0x6da5bd5254:libstdc++.so!_ZnamRKSt9nothrow_t
0x6da5bd526c:libstdc++.so!_ZdaPvRKSt9nothrow_t
0x6da5bd5268:libstdc++.so!_ZdlPvRKSt9nothrow_t
0x6da5bd3c49:libstdc++.so!_ZSt7nothrow
0x6da5bd5014:libstdc++.so!__cxa_guard_acquire
0x6da5bd51b0:libstdc++.so!__cxa_pure_virtual
0x6da5bd5240:libstdc++.so!_ZnwmRKSt9nothrow_t
Export enumeration completed.
0x705e6e8950:libz.so!gzclose_w
0x705e6e6654:libz.so!gzdopen
0x705e6e6b2c:libz.so!gzseek
0x705e6ed1a4:libz.so!inflateValidate
0x705e6e22c8:libz.so!deflateEnd
0x705e6e50f0:libz.so!deflateCopy
0x705e6e6b78:libz.so!gztell
0x705e6e6c3c:libz.so!gzoffset
0x705e6e7710:libz.so!gzdirect
0x705e6e6328:libz.so!gzclose
0x705e6e6d40:libz.so!gzclearerr
0x705e6ea944:libz.so!inflate
0x705e6e23d8:libz.so!deflateReset
0x705e6e6b30:libz.so!gztell64
0x705e6e70c4:libz.so!gzgetc
0x705e6e6cdc:libz.so!gzerror
0x705e6e6da0:libz.so!gzread
0x705e6e8ac0:libz.so!inflateBackInit_